<?xml version="1.0" encoding="UTF-8"?>
<!-- Generated by org.testng.reporters.JUnitReportReporter -->
<testsuite hostname="LAPTOP-5BSDQGDQ" failures="0" tests="1" name="testPackage.UserTestCase" time="8.835" errors="0" timestamp="2023-08-01T15:33:41 IST" skipped="0">
  <testcase classname="testPackage.UserTestCase" name="createUserMethod" time="8.835"/>
</testsuite> <!-- testPackage.UserTestCase -->
