<?xml version="1.0" encoding="UTF-8"?>
<!-- Generated by org.testng.reporters.JUnitReportReporter -->
<testsuite hostname="LAPTOP-5BSDQGDQ" failures="0" tests="1" name="testPackage.LoginTestCase" time="14.192" errors="0" timestamp="2023-08-01T15:49:50 IST" skipped="0">
  <testcase classname="testPackage.LoginTestCase" name="inValidLoginMethod" time="14.192"/>
  <system-out>
    <![CDATA[This method failed taken ScreenShot : validloginMethod
This method failed taken ScreenShot : project_customerMethod
This method failed taken ScreenShot : validloginMethod
This method failed taken ScreenShot : createUserMethod
This method failed taken ScreenShot : project_customerMethod
This method failed taken ScreenShot : createUserMethod]]>
  </system-out>
</testsuite> <!-- testPackage.LoginTestCase -->
