<?xml version="1.0" encoding="UTF-8"?>
<!-- Generated by org.testng.reporters.JUnitReportReporter -->
<testsuite hostname="LAPTOP-5BSDQGDQ" failures="0" tests="1" name="testPackage.TaskTestCase" time="3.825" errors="0" timestamp="2023-08-01T15:33:41 IST" skipped="0">
  <testcase classname="testPackage.TaskTestCase" name="project_customerMethod" time="3.825"/>
</testsuite> <!-- testPackage.TaskTestCase -->
