<?xml version="1.0" encoding="UTF-8"?>
<!-- Generated by org.testng.reporters.JUnitReportReporter -->
<testsuite hostname="LAPTOP-5BSDQGDQ" failures="0" tests="500" name="testNGAnnotation_flags.Flag3" time="0.710" errors="0" timestamp="2023-07-22T14:36:00 IST" skipped="0">
  <testcase classname="testNGAnnotation_flags.Flag3" name="Method1" time="0.001">
    <system-out>
      <![CDATA[Method]]>
    </system-out>
  </testcase> <!-- Method1 -->
  <testcase classname="testNGAnnotation_flags.Flag3" name="Method1" time="0.000">
    <system-out>
      <![CDATA[Method]]>
    </system-out>
  </testcase> <!-- Method1 -->
  <testcase classname="testNGAnnotation_flags.Flag3" name="Method1" time="0.000">
    <system-out>
      <![CDATA[Method]]>
    </system-out>
  </testcase> <!-- Method1 -->
  <testcase classname="testNGAnnotation_flags.Flag3" name="Method1" time="0.000">
    <system-out>
      <![CDATA[Method]]>
    </system-out>
  </testcase> <!-- Method1 -->
  <testcase classname="testNGAnnotation_flags.Flag3" name="Method1" time="0.001">
    <system-out>
      <![CDATA[Method]]>
    </system-out>
  </testcase> <!-- Method1 -->
  <testcase classname="testNGAnnotation_flags.Flag3" name="Method1" time="0.001">
    <system-out>
      <![CDATA[Method]]>
    </system-out>
  </testcase> <!-- Method1 -->
  <testcase classname="testNGAnnotation_flags.Flag3" name="Method1" time="0.000">
    <system-out>
      <![CDATA[Method]]>
    </system-out>
  </testcase> <!-- Method1 -->
  <testcase classname="testNGAnnotation_flags.Flag3" name="Method1" time="0.001">
    <system-out>
      <![CDATA[Method]]>
    </system-out>
  </testcase> <!-- Method1 -->
  <testcase classname="testNGAnnotation_flags.Flag3" name="Method1" time="0.000">
    <system-out>
      <![CDATA[Method]]>
    </system-out>
  </testcase> <!-- Method1 -->
  <testcase classname="testNGAnnotation_flags.Flag3" name="Method1" time="0.001">
    <system-out>
      <![CDATA[Method]]>
    </system-out>
  </testcase> <!-- Method1 -->
  <testcase classname="testNGAnnotation_flags.Flag3" name="Method1" time="0.000">
    <system-out>
      <![CDATA[Method]]>
    </system-out>
  </testcase> <!-- Method1 -->
  <testcase classname="testNGAnnotation_flags.Flag3" name="Method1" time="0.000">
    <system-out>
      <![CDATA[Method]]>
    </system-out>
  </testcase> <!-- Method1 -->
  <testcase classname="testNGAnnotation_flags.Flag3" name="Method1" time="0.000">
    <system-out>
      <![CDATA[Method]]>
    </system-out>
  </testcase> <!-- Method1 -->
  <testcase classname="testNGAnnotation_flags.Flag3" name="Method1" time="0.001">
    <system-out>
      <![CDATA[Method]]>
    </system-out>
  </testcase> <!-- Method1 -->
  <testcase classname="testNGAnnotation_flags.Flag3" name="Method1" time="0.000">
    <system-out>
      <![CDATA[Method]]>
    </system-out>
  </testcase> <!-- Method1 -->
  <testcase classname="testNGAnnotation_flags.Flag3" name="Method1" time="0.000">
    <system-out>
      <![CDATA[Method]]>
    </system-out>
  </testcase> <!-- Method1 -->
  <testcase classname="testNGAnnotation_flags.Flag3" name="Method1" time="0.000">
    <system-out>
      <![CDATA[Method]]>
    </system-out>
  </testcase> <!-- Method1 -->
  <testcase classname="testNGAnnotation_flags.Flag3" name="Method1" time="0.001">
    <system-out>
      <![CDATA[Method]]>
    </system-out>
  </testcase> <!-- Method1 -->
  <testcase classname="testNGAnnotation_flags.Flag3" name="Method1" time="0.001">
    <system-out>
      <![CDATA[Method]]>
    </system-out>
  </testcase> <!-- Method1 -->
  <testcase classname="testNGAnnotation_flags.Flag3" name="Method1" time="0.001">
    <system-out>
      <![CDATA[Method]]>
    </system-out>
  </testcase> <!-- Method1 -->
  <testcase classname="testNGAnnotation_flags.Flag3" name="Method1" time="0.002">
    <system-out>
      <![CDATA[Method]]>
    </system-out>
  </testcase> <!-- Method1 -->
  <testcase classname="testNGAnnotation_flags.Flag3" name="Method1" time="0.000">
    <system-out>
      <![CDATA[Method]]>
    </system-out>
  </testcase> <!-- Method1 -->
  <testcase classname="testNGAnnotation_flags.Flag3" name="Method1" time="0.000">
    <system-out>
      <![CDATA[Method]]>
    </system-out>
  </testcase> <!-- Method1 -->
  <testcase classname="testNGAnnotation_flags.Flag3" name="Method1" time="0.001">
    <system-out>
      <![CDATA[Method]]>
    </system-out>
  </testcase> <!-- Method1 -->
  <testcase classname="testNGAnnotation_flags.Flag3" name="Method1" time="0.001">
    <system-out>
      <![CDATA[Method]]>
    </system-out>
  </testcase> <!-- Method1 -->
  <testcase classname="testNGAnnotation_flags.Flag3" name="Method1" time="0.000">
    <system-out>
      <![CDATA[Method]]>
    </system-out>
  </testcase> <!-- Method1 -->
  <testcase classname="testNGAnnotation_flags.Flag3" name="Method1" time="0.000">
    <system-out>
      <![CDATA[Method]]>
    </system-out>
  </testcase> <!-- Method1 -->
  <testcase classname="testNGAnnotation_flags.Flag3" name="Method1" time="0.009">
    <system-out>
      <![CDATA[Method]]>
    </system-out>
  </testcase> <!-- Method1 -->
  <testcase classname="testNGAnnotation_flags.Flag3" name="Method1" time="0.002">
    <system-out>
      <![CDATA[Method]]>
    </system-out>
  </testcase> <!-- Method1 -->
  <testcase classname="testNGAnnotation_flags.Flag3" name="Method1" time="0.000">
    <system-out>
      <![CDATA[Method]]>
    </system-out>
  </testcase> <!-- Method1 -->
  <testcase classname="testNGAnnotation_flags.Flag3" name="Method1" time="0.000">
    <system-out>
      <![CDATA[Method]]>
    </system-out>
  </testcase> <!-- Method1 -->
  <testcase classname="testNGAnnotation_flags.Flag3" name="Method1" time="0.001">
    <system-out>
      <![CDATA[Method]]>
    </system-out>
  </testcase> <!-- Method1 -->
  <testcase classname="testNGAnnotation_flags.Flag3" name="Method1" time="0.000">
    <system-out>
      <![CDATA[Method]]>
    </system-out>
  </testcase> <!-- Method1 -->
  <testcase classname="testNGAnnotation_flags.Flag3" name="Method1" time="0.000">
    <system-out>
      <![CDATA[Method]]>
    </system-out>
  </testcase> <!-- Method1 -->
  <testcase classname="testNGAnnotation_flags.Flag3" name="Method1" time="0.000">
    <system-out>
      <![CDATA[Method]]>
    </system-out>
  </testcase> <!-- Method1 -->
  <testcase classname="testNGAnnotation_flags.Flag3" name="Method1" time="0.001">
    <system-out>
      <![CDATA[Method]]>
    </system-out>
  </testcase> <!-- Method1 -->
  <testcase classname="testNGAnnotation_flags.Flag3" name="Method1" time="0.000">
    <system-out>
      <![CDATA[Method]]>
    </system-out>
  </testcase> <!-- Method1 -->
  <testcase classname="testNGAnnotation_flags.Flag3" name="Method1" time="0.001">
    <system-out>
      <![CDATA[Method]]>
    </system-out>
  </testcase> <!-- Method1 -->
  <testcase classname="testNGAnnotation_flags.Flag3" name="Method1" time="0.000">
    <system-out>
      <![CDATA[Method]]>
    </system-out>
  </testcase> <!-- Method1 -->
  <testcase classname="testNGAnnotation_flags.Flag3" name="Method1" time="0.000">
    <system-out>
      <![CDATA[Method]]>
    </system-out>
  </testcase> <!-- Method1 -->
  <testcase classname="testNGAnnotation_flags.Flag3" name="Method1" time="0.002">
    <system-out>
      <![CDATA[Method]]>
    </system-out>
  </testcase> <!-- Method1 -->
  <testcase classname="testNGAnnotation_flags.Flag3" name="Method1" time="0.000">
    <system-out>
      <![CDATA[Method]]>
    </system-out>
  </testcase> <!-- Method1 -->
  <testcase classname="testNGAnnotation_flags.Flag3" name="Method1" time="0.003">
    <system-out>
      <![CDATA[Method]]>
    </system-out>
  </testcase> <!-- Method1 -->
  <testcase classname="testNGAnnotation_flags.Flag3" name="Method1" time="0.000">
    <system-out>
      <![CDATA[Method]]>
    </system-out>
  </testcase> <!-- Method1 -->
  <testcase classname="testNGAnnotation_flags.Flag3" name="Method1" time="0.011">
    <system-out>
      <![CDATA[Method]]>
    </system-out>
  </testcase> <!-- Method1 -->
  <testcase classname="testNGAnnotation_flags.Flag3" name="Method1" time="0.001">
    <system-out>
      <![CDATA[Method]]>
    </system-out>
  </testcase> <!-- Method1 -->
  <testcase classname="testNGAnnotation_flags.Flag3" name="Method1" time="0.001">
    <system-out>
      <![CDATA[Method]]>
    </system-out>
  </testcase> <!-- Method1 -->
  <testcase classname="testNGAnnotation_flags.Flag3" name="Method1" time="0.000">
    <system-out>
      <![CDATA[Method]]>
    </system-out>
  </testcase> <!-- Method1 -->
  <testcase classname="testNGAnnotation_flags.Flag3" name="Method1" time="0.001">
    <system-out>
      <![CDATA[Method]]>
    </system-out>
  </testcase> <!-- Method1 -->
  <testcase classname="testNGAnnotation_flags.Flag3" name="Method1" time="0.000">
    <system-out>
      <![CDATA[Method]]>
    </system-out>
  </testcase> <!-- Method1 -->
  <testcase classname="testNGAnnotation_flags.Flag3" name="Method1" time="0.000">
    <system-out>
      <![CDATA[Method]]>
    </system-out>
  </testcase> <!-- Method1 -->
  <testcase classname="testNGAnnotation_flags.Flag3" name="Method1" time="0.001">
    <system-out>
      <![CDATA[Method]]>
    </system-out>
  </testcase> <!-- Method1 -->
  <testcase classname="testNGAnnotation_flags.Flag3" name="Method1" time="0.001">
    <system-out>
      <![CDATA[Method]]>
    </system-out>
  </testcase> <!-- Method1 -->
  <testcase classname="testNGAnnotation_flags.Flag3" name="Method1" time="0.001">
    <system-out>
      <![CDATA[Method]]>
    </system-out>
  </testcase> <!-- Method1 -->
  <testcase classname="testNGAnnotation_flags.Flag3" name="Method1" time="0.001">
    <system-out>
      <![CDATA[Method]]>
    </system-out>
  </testcase> <!-- Method1 -->
  <testcase classname="testNGAnnotation_flags.Flag3" name="Method1" time="0.000">
    <system-out>
      <![CDATA[Method]]>
    </system-out>
  </testcase> <!-- Method1 -->
  <testcase classname="testNGAnnotation_flags.Flag3" name="Method1" time="0.000">
    <system-out>
      <![CDATA[Method]]>
    </system-out>
  </testcase> <!-- Method1 -->
  <testcase classname="testNGAnnotation_flags.Flag3" name="Method1" time="0.001">
    <system-out>
      <![CDATA[Method]]>
    </system-out>
  </testcase> <!-- Method1 -->
  <testcase classname="testNGAnnotation_flags.Flag3" name="Method1" time="0.000">
    <system-out>
      <![CDATA[Method]]>
    </system-out>
  </testcase> <!-- Method1 -->
  <testcase classname="testNGAnnotation_flags.Flag3" name="Method1" time="0.000">
    <system-out>
      <![CDATA[Method]]>
    </system-out>
  </testcase> <!-- Method1 -->
  <testcase classname="testNGAnnotation_flags.Flag3" name="Method1" time="0.000">
    <system-out>
      <![CDATA[Method]]>
    </system-out>
  </testcase> <!-- Method1 -->
  <testcase classname="testNGAnnotation_flags.Flag3" name="Method1" time="0.000">
    <system-out>
      <![CDATA[Method]]>
    </system-out>
  </testcase> <!-- Method1 -->
  <testcase classname="testNGAnnotation_flags.Flag3" name="Method1" time="0.004">
    <system-out>
      <![CDATA[Method]]>
    </system-out>
  </testcase> <!-- Method1 -->
  <testcase classname="testNGAnnotation_flags.Flag3" name="Method1" time="0.001">
    <system-out>
      <![CDATA[Method]]>
    </system-out>
  </testcase> <!-- Method1 -->
  <testcase classname="testNGAnnotation_flags.Flag3" name="Method1" time="0.001">
    <system-out>
      <![CDATA[Method]]>
    </system-out>
  </testcase> <!-- Method1 -->
  <testcase classname="testNGAnnotation_flags.Flag3" name="Method1" time="0.001">
    <system-out>
      <![CDATA[Method]]>
    </system-out>
  </testcase> <!-- Method1 -->
  <testcase classname="testNGAnnotation_flags.Flag3" name="Method1" time="0.000">
    <system-out>
      <![CDATA[Method]]>
    </system-out>
  </testcase> <!-- Method1 -->
  <testcase classname="testNGAnnotation_flags.Flag3" name="Method1" time="0.000">
    <system-out>
      <![CDATA[Method]]>
    </system-out>
  </testcase> <!-- Method1 -->
  <testcase classname="testNGAnnotation_flags.Flag3" name="Method1" time="0.001">
    <system-out>
      <![CDATA[Method]]>
    </system-out>
  </testcase> <!-- Method1 -->
  <testcase classname="testNGAnnotation_flags.Flag3" name="Method1" time="0.000">
    <system-out>
      <![CDATA[Method]]>
    </system-out>
  </testcase> <!-- Method1 -->
  <testcase classname="testNGAnnotation_flags.Flag3" name="Method1" time="0.001">
    <system-out>
      <![CDATA[Method]]>
    </system-out>
  </testcase> <!-- Method1 -->
  <testcase classname="testNGAnnotation_flags.Flag3" name="Method1" time="0.008">
    <system-out>
      <![CDATA[Method]]>
    </system-out>
  </testcase> <!-- Method1 -->
  <testcase classname="testNGAnnotation_flags.Flag3" name="Method1" time="0.000">
    <system-out>
      <![CDATA[Method]]>
    </system-out>
  </testcase> <!-- Method1 -->
  <testcase classname="testNGAnnotation_flags.Flag3" name="Method1" time="0.000">
    <system-out>
      <![CDATA[Method]]>
    </system-out>
  </testcase> <!-- Method1 -->
  <testcase classname="testNGAnnotation_flags.Flag3" name="Method1" time="0.000">
    <system-out>
      <![CDATA[Method]]>
    </system-out>
  </testcase> <!-- Method1 -->
  <testcase classname="testNGAnnotation_flags.Flag3" name="Method1" time="0.001">
    <system-out>
      <![CDATA[Method]]>
    </system-out>
  </testcase> <!-- Method1 -->
  <testcase classname="testNGAnnotation_flags.Flag3" name="Method1" time="0.001">
    <system-out>
      <![CDATA[Method]]>
    </system-out>
  </testcase> <!-- Method1 -->
  <testcase classname="testNGAnnotation_flags.Flag3" name="Method1" time="0.000">
    <system-out>
      <![CDATA[Method]]>
    </system-out>
  </testcase> <!-- Method1 -->
  <testcase classname="testNGAnnotation_flags.Flag3" name="Method1" time="0.001">
    <system-out>
      <![CDATA[Method]]>
    </system-out>
  </testcase> <!-- Method1 -->
  <testcase classname="testNGAnnotation_flags.Flag3" name="Method1" time="0.000">
    <system-out>
      <![CDATA[Method]]>
    </system-out>
  </testcase> <!-- Method1 -->
  <testcase classname="testNGAnnotation_flags.Flag3" name="Method1" time="0.001">
    <system-out>
      <![CDATA[Method]]>
    </system-out>
  </testcase> <!-- Method1 -->
  <testcase classname="testNGAnnotation_flags.Flag3" name="Method1" time="0.001">
    <system-out>
      <![CDATA[Method]]>
    </system-out>
  </testcase> <!-- Method1 -->
  <testcase classname="testNGAnnotation_flags.Flag3" name="Method1" time="0.000">
    <system-out>
      <![CDATA[Method]]>
    </system-out>
  </testcase> <!-- Method1 -->
  <testcase classname="testNGAnnotation_flags.Flag3" name="Method1" time="0.001">
    <system-out>
      <![CDATA[Method]]>
    </system-out>
  </testcase> <!-- Method1 -->
  <testcase classname="testNGAnnotation_flags.Flag3" name="Method1" time="0.000">
    <system-out>
      <![CDATA[Method]]>
    </system-out>
  </testcase> <!-- Method1 -->
  <testcase classname="testNGAnnotation_flags.Flag3" name="Method1" time="0.001">
    <system-out>
      <![CDATA[Method]]>
    </system-out>
  </testcase> <!-- Method1 -->
  <testcase classname="testNGAnnotation_flags.Flag3" name="Method1" time="0.001">
    <system-out>
      <![CDATA[Method]]>
    </system-out>
  </testcase> <!-- Method1 -->
  <testcase classname="testNGAnnotation_flags.Flag3" name="Method1" time="0.000">
    <system-out>
      <![CDATA[Method]]>
    </system-out>
  </testcase> <!-- Method1 -->
  <testcase classname="testNGAnnotation_flags.Flag3" name="Method1" time="0.000">
    <system-out>
      <![CDATA[Method]]>
    </system-out>
  </testcase> <!-- Method1 -->
  <testcase classname="testNGAnnotation_flags.Flag3" name="Method1" time="0.000">
    <system-out>
      <![CDATA[Method]]>
    </system-out>
  </testcase> <!-- Method1 -->
  <testcase classname="testNGAnnotation_flags.Flag3" name="Method1" time="0.001">
    <system-out>
      <![CDATA[Method]]>
    </system-out>
  </testcase> <!-- Method1 -->
  <testcase classname="testNGAnnotation_flags.Flag3" name="Method1" time="0.002">
    <system-out>
      <![CDATA[Method]]>
    </system-out>
  </testcase> <!-- Method1 -->
  <testcase classname="testNGAnnotation_flags.Flag3" name="Method1" time="0.001">
    <system-out>
      <![CDATA[Method]]>
    </system-out>
  </testcase> <!-- Method1 -->
  <testcase classname="testNGAnnotation_flags.Flag3" name="Method1" time="0.000">
    <system-out>
      <![CDATA[Method]]>
    </system-out>
  </testcase> <!-- Method1 -->
  <testcase classname="testNGAnnotation_flags.Flag3" name="Method1" time="0.002">
    <system-out>
      <![CDATA[Method]]>
    </system-out>
  </testcase> <!-- Method1 -->
  <testcase classname="testNGAnnotation_flags.Flag3" name="Method1" time="0.002">
    <system-out>
      <![CDATA[Method]]>
    </system-out>
  </testcase> <!-- Method1 -->
  <testcase classname="testNGAnnotation_flags.Flag3" name="Method1" time="0.001">
    <system-out>
      <![CDATA[Method]]>
    </system-out>
  </testcase> <!-- Method1 -->
  <testcase classname="testNGAnnotation_flags.Flag3" name="Method1" time="0.002">
    <system-out>
      <![CDATA[Method]]>
    </system-out>
  </testcase> <!-- Method1 -->
  <testcase classname="testNGAnnotation_flags.Flag3" name="Method1" time="0.002">
    <system-out>
      <![CDATA[Method]]>
    </system-out>
  </testcase> <!-- Method1 -->
  <testcase classname="testNGAnnotation_flags.Flag3" name="Method1" time="0.000">
    <system-out>
      <![CDATA[Method]]>
    </system-out>
  </testcase> <!-- Method1 -->
  <testcase classname="testNGAnnotation_flags.Flag3" name="Method1" time="0.001">
    <system-out>
      <![CDATA[Method]]>
    </system-out>
  </testcase> <!-- Method1 -->
  <testcase classname="testNGAnnotation_flags.Flag3" name="Method1" time="0.001">
    <system-out>
      <![CDATA[Method]]>
    </system-out>
  </testcase> <!-- Method1 -->
  <testcase classname="testNGAnnotation_flags.Flag3" name="Method1" time="0.000">
    <system-out>
      <![CDATA[Method]]>
    </system-out>
  </testcase> <!-- Method1 -->
  <testcase classname="testNGAnnotation_flags.Flag3" name="Method1" time="0.000">
    <system-out>
      <![CDATA[Method]]>
    </system-out>
  </testcase> <!-- Method1 -->
  <testcase classname="testNGAnnotation_flags.Flag3" name="Method1" time="0.000">
    <system-out>
      <![CDATA[Method]]>
    </system-out>
  </testcase> <!-- Method1 -->
  <testcase classname="testNGAnnotation_flags.Flag3" name="Method1" time="0.000">
    <system-out>
      <![CDATA[Method]]>
    </system-out>
  </testcase> <!-- Method1 -->
  <testcase classname="testNGAnnotation_flags.Flag3" name="Method1" time="0.001">
    <system-out>
      <![CDATA[Method]]>
    </system-out>
  </testcase> <!-- Method1 -->
  <testcase classname="testNGAnnotation_flags.Flag3" name="Method1" time="0.000">
    <system-out>
      <![CDATA[Method]]>
    </system-out>
  </testcase> <!-- Method1 -->
  <testcase classname="testNGAnnotation_flags.Flag3" name="Method1" time="0.000">
    <system-out>
      <![CDATA[Method]]>
    </system-out>
  </testcase> <!-- Method1 -->
  <testcase classname="testNGAnnotation_flags.Flag3" name="Method1" time="0.001">
    <system-out>
      <![CDATA[Method]]>
    </system-out>
  </testcase> <!-- Method1 -->
  <testcase classname="testNGAnnotation_flags.Flag3" name="Method1" time="0.001">
    <system-out>
      <![CDATA[Method]]>
    </system-out>
  </testcase> <!-- Method1 -->
  <testcase classname="testNGAnnotation_flags.Flag3" name="Method1" time="0.001">
    <system-out>
      <![CDATA[Method]]>
    </system-out>
  </testcase> <!-- Method1 -->
  <testcase classname="testNGAnnotation_flags.Flag3" name="Method1" time="0.000">
    <system-out>
      <![CDATA[Method]]>
    </system-out>
  </testcase> <!-- Method1 -->
  <testcase classname="testNGAnnotation_flags.Flag3" name="Method1" time="0.000">
    <system-out>
      <![CDATA[Method]]>
    </system-out>
  </testcase> <!-- Method1 -->
  <testcase classname="testNGAnnotation_flags.Flag3" name="Method1" time="0.000">
    <system-out>
      <![CDATA[Method]]>
    </system-out>
  </testcase> <!-- Method1 -->
  <testcase classname="testNGAnnotation_flags.Flag3" name="Method1" time="0.001">
    <system-out>
      <![CDATA[Method]]>
    </system-out>
  </testcase> <!-- Method1 -->
  <testcase classname="testNGAnnotation_flags.Flag3" name="Method1" time="0.006">
    <system-out>
      <![CDATA[Method]]>
    </system-out>
  </testcase> <!-- Method1 -->
  <testcase classname="testNGAnnotation_flags.Flag3" name="Method1" time="0.001">
    <system-out>
      <![CDATA[Method]]>
    </system-out>
  </testcase> <!-- Method1 -->
  <testcase classname="testNGAnnotation_flags.Flag3" name="Method1" time="0.000">
    <system-out>
      <![CDATA[Method]]>
    </system-out>
  </testcase> <!-- Method1 -->
  <testcase classname="testNGAnnotation_flags.Flag3" name="Method1" time="0.000">
    <system-out>
      <![CDATA[Method]]>
    </system-out>
  </testcase> <!-- Method1 -->
  <testcase classname="testNGAnnotation_flags.Flag3" name="Method1" time="0.000">
    <system-out>
      <![CDATA[Method]]>
    </system-out>
  </testcase> <!-- Method1 -->
  <testcase classname="testNGAnnotation_flags.Flag3" name="Method1" time="0.000">
    <system-out>
      <![CDATA[Method]]>
    </system-out>
  </testcase> <!-- Method1 -->
  <testcase classname="testNGAnnotation_flags.Flag3" name="Method1" time="0.000">
    <system-out>
      <![CDATA[Method]]>
    </system-out>
  </testcase> <!-- Method1 -->
  <testcase classname="testNGAnnotation_flags.Flag3" name="Method1" time="0.001">
    <system-out>
      <![CDATA[Method]]>
    </system-out>
  </testcase> <!-- Method1 -->
  <testcase classname="testNGAnnotation_flags.Flag3" name="Method1" time="0.000">
    <system-out>
      <![CDATA[Method]]>
    </system-out>
  </testcase> <!-- Method1 -->
  <testcase classname="testNGAnnotation_flags.Flag3" name="Method1" time="0.006">
    <system-out>
      <![CDATA[Method]]>
    </system-out>
  </testcase> <!-- Method1 -->
  <testcase classname="testNGAnnotation_flags.Flag3" name="Method1" time="0.000">
    <system-out>
      <![CDATA[Method]]>
    </system-out>
  </testcase> <!-- Method1 -->
  <testcase classname="testNGAnnotation_flags.Flag3" name="Method1" time="0.000">
    <system-out>
      <![CDATA[Method]]>
    </system-out>
  </testcase> <!-- Method1 -->
  <testcase classname="testNGAnnotation_flags.Flag3" name="Method1" time="0.000">
    <system-out>
      <![CDATA[Method]]>
    </system-out>
  </testcase> <!-- Method1 -->
  <testcase classname="testNGAnnotation_flags.Flag3" name="Method1" time="0.001">
    <system-out>
      <![CDATA[Method]]>
    </system-out>
  </testcase> <!-- Method1 -->
  <testcase classname="testNGAnnotation_flags.Flag3" name="Method1" time="0.003">
    <system-out>
      <![CDATA[Method]]>
    </system-out>
  </testcase> <!-- Method1 -->
  <testcase classname="testNGAnnotation_flags.Flag3" name="Method1" time="0.000">
    <system-out>
      <![CDATA[Method]]>
    </system-out>
  </testcase> <!-- Method1 -->
  <testcase classname="testNGAnnotation_flags.Flag3" name="Method1" time="0.000">
    <system-out>
      <![CDATA[Method]]>
    </system-out>
  </testcase> <!-- Method1 -->
  <testcase classname="testNGAnnotation_flags.Flag3" name="Method1" time="0.001">
    <system-out>
      <![CDATA[Method]]>
    </system-out>
  </testcase> <!-- Method1 -->
  <testcase classname="testNGAnnotation_flags.Flag3" name="Method1" time="0.002">
    <system-out>
      <![CDATA[Method]]>
    </system-out>
  </testcase> <!-- Method1 -->
  <testcase classname="testNGAnnotation_flags.Flag3" name="Method1" time="0.000">
    <system-out>
      <![CDATA[Method]]>
    </system-out>
  </testcase> <!-- Method1 -->
  <testcase classname="testNGAnnotation_flags.Flag3" name="Method1" time="0.000">
    <system-out>
      <![CDATA[Method]]>
    </system-out>
  </testcase> <!-- Method1 -->
  <testcase classname="testNGAnnotation_flags.Flag3" name="Method1" time="0.002">
    <system-out>
      <![CDATA[Method]]>
    </system-out>
  </testcase> <!-- Method1 -->
  <testcase classname="testNGAnnotation_flags.Flag3" name="Method1" time="0.000">
    <system-out>
      <![CDATA[Method]]>
    </system-out>
  </testcase> <!-- Method1 -->
  <testcase classname="testNGAnnotation_flags.Flag3" name="Method1" time="0.007">
    <system-out>
      <![CDATA[Method]]>
    </system-out>
  </testcase> <!-- Method1 -->
  <testcase classname="testNGAnnotation_flags.Flag3" name="Method1" time="0.000">
    <system-out>
      <![CDATA[Method]]>
    </system-out>
  </testcase> <!-- Method1 -->
  <testcase classname="testNGAnnotation_flags.Flag3" name="Method1" time="0.002">
    <system-out>
      <![CDATA[Method]]>
    </system-out>
  </testcase> <!-- Method1 -->
  <testcase classname="testNGAnnotation_flags.Flag3" name="Method1" time="0.001">
    <system-out>
      <![CDATA[Method]]>
    </system-out>
  </testcase> <!-- Method1 -->
  <testcase classname="testNGAnnotation_flags.Flag3" name="Method1" time="0.001">
    <system-out>
      <![CDATA[Method]]>
    </system-out>
  </testcase> <!-- Method1 -->
  <testcase classname="testNGAnnotation_flags.Flag3" name="Method1" time="0.000">
    <system-out>
      <![CDATA[Method]]>
    </system-out>
  </testcase> <!-- Method1 -->
  <testcase classname="testNGAnnotation_flags.Flag3" name="Method1" time="0.001">
    <system-out>
      <![CDATA[Method]]>
    </system-out>
  </testcase> <!-- Method1 -->
  <testcase classname="testNGAnnotation_flags.Flag3" name="Method1" time="0.001">
    <system-out>
      <![CDATA[Method]]>
    </system-out>
  </testcase> <!-- Method1 -->
  <testcase classname="testNGAnnotation_flags.Flag3" name="Method1" time="0.000">
    <system-out>
      <![CDATA[Method]]>
    </system-out>
  </testcase> <!-- Method1 -->
  <testcase classname="testNGAnnotation_flags.Flag3" name="Method1" time="0.002">
    <system-out>
      <![CDATA[Method]]>
    </system-out>
  </testcase> <!-- Method1 -->
  <testcase classname="testNGAnnotation_flags.Flag3" name="Method1" time="0.027">
    <system-out>
      <![CDATA[Method]]>
    </system-out>
  </testcase> <!-- Method1 -->
  <testcase classname="testNGAnnotation_flags.Flag3" name="Method1" time="0.000">
    <system-out>
      <![CDATA[Method]]>
    </system-out>
  </testcase> <!-- Method1 -->
  <testcase classname="testNGAnnotation_flags.Flag3" name="Method1" time="0.000">
    <system-out>
      <![CDATA[Method]]>
    </system-out>
  </testcase> <!-- Method1 -->
  <testcase classname="testNGAnnotation_flags.Flag3" name="Method1" time="0.001">
    <system-out>
      <![CDATA[Method]]>
    </system-out>
  </testcase> <!-- Method1 -->
  <testcase classname="testNGAnnotation_flags.Flag3" name="Method1" time="0.000">
    <system-out>
      <![CDATA[Method]]>
    </system-out>
  </testcase> <!-- Method1 -->
  <testcase classname="testNGAnnotation_flags.Flag3" name="Method1" time="0.006">
    <system-out>
      <![CDATA[Method]]>
    </system-out>
  </testcase> <!-- Method1 -->
  <testcase classname="testNGAnnotation_flags.Flag3" name="Method1" time="0.121">
    <system-out>
      <![CDATA[Method]]>
    </system-out>
  </testcase> <!-- Method1 -->
  <testcase classname="testNGAnnotation_flags.Flag3" name="Method1" time="0.002">
    <system-out>
      <![CDATA[Method]]>
    </system-out>
  </testcase> <!-- Method1 -->
  <testcase classname="testNGAnnotation_flags.Flag3" name="Method1" time="0.001">
    <system-out>
      <![CDATA[Method]]>
    </system-out>
  </testcase> <!-- Method1 -->
  <testcase classname="testNGAnnotation_flags.Flag3" name="Method1" time="0.000">
    <system-out>
      <![CDATA[Method]]>
    </system-out>
  </testcase> <!-- Method1 -->
  <testcase classname="testNGAnnotation_flags.Flag3" name="Method1" time="0.001">
    <system-out>
      <![CDATA[Method]]>
    </system-out>
  </testcase> <!-- Method1 -->
  <testcase classname="testNGAnnotation_flags.Flag3" name="Method1" time="0.001">
    <system-out>
      <![CDATA[Method]]>
    </system-out>
  </testcase> <!-- Method1 -->
  <testcase classname="testNGAnnotation_flags.Flag3" name="Method1" time="0.005">
    <system-out>
      <![CDATA[Method]]>
    </system-out>
  </testcase> <!-- Method1 -->
  <testcase classname="testNGAnnotation_flags.Flag3" name="Method1" time="0.001">
    <system-out>
      <![CDATA[Method]]>
    </system-out>
  </testcase> <!-- Method1 -->
  <testcase classname="testNGAnnotation_flags.Flag3" name="Method1" time="0.000">
    <system-out>
      <![CDATA[Method]]>
    </system-out>
  </testcase> <!-- Method1 -->
  <testcase classname="testNGAnnotation_flags.Flag3" name="Method1" time="0.001">
    <system-out>
      <![CDATA[Method]]>
    </system-out>
  </testcase> <!-- Method1 -->
  <testcase classname="testNGAnnotation_flags.Flag3" name="Method1" time="0.000">
    <system-out>
      <![CDATA[Method]]>
    </system-out>
  </testcase> <!-- Method1 -->
  <testcase classname="testNGAnnotation_flags.Flag3" name="Method1" time="0.001">
    <system-out>
      <![CDATA[Method]]>
    </system-out>
  </testcase> <!-- Method1 -->
  <testcase classname="testNGAnnotation_flags.Flag3" name="Method1" time="0.001">
    <system-out>
      <![CDATA[Method]]>
    </system-out>
  </testcase> <!-- Method1 -->
  <testcase classname="testNGAnnotation_flags.Flag3" name="Method1" time="0.001">
    <system-out>
      <![CDATA[Method]]>
    </system-out>
  </testcase> <!-- Method1 -->
  <testcase classname="testNGAnnotation_flags.Flag3" name="Method1" time="0.001">
    <system-out>
      <![CDATA[Method]]>
    </system-out>
  </testcase> <!-- Method1 -->
  <testcase classname="testNGAnnotation_flags.Flag3" name="Method1" time="0.001">
    <system-out>
      <![CDATA[Method]]>
    </system-out>
  </testcase> <!-- Method1 -->
  <testcase classname="testNGAnnotation_flags.Flag3" name="Method1" time="0.001">
    <system-out>
      <![CDATA[Method]]>
    </system-out>
  </testcase> <!-- Method1 -->
  <testcase classname="testNGAnnotation_flags.Flag3" name="Method1" time="0.000">
    <system-out>
      <![CDATA[Method]]>
    </system-out>
  </testcase> <!-- Method1 -->
  <testcase classname="testNGAnnotation_flags.Flag3" name="Method1" time="0.001">
    <system-out>
      <![CDATA[Method]]>
    </system-out>
  </testcase> <!-- Method1 -->
  <testcase classname="testNGAnnotation_flags.Flag3" name="Method1" time="0.000">
    <system-out>
      <![CDATA[Method]]>
    </system-out>
  </testcase> <!-- Method1 -->
  <testcase classname="testNGAnnotation_flags.Flag3" name="Method1" time="0.001">
    <system-out>
      <![CDATA[Method]]>
    </system-out>
  </testcase> <!-- Method1 -->
  <testcase classname="testNGAnnotation_flags.Flag3" name="Method1" time="0.033">
    <system-out>
      <![CDATA[Method]]>
    </system-out>
  </testcase> <!-- Method1 -->
  <testcase classname="testNGAnnotation_flags.Flag3" name="Method1" time="0.001">
    <system-out>
      <![CDATA[Method]]>
    </system-out>
  </testcase> <!-- Method1 -->
  <testcase classname="testNGAnnotation_flags.Flag3" name="Method1" time="0.002">
    <system-out>
      <![CDATA[Method]]>
    </system-out>
  </testcase> <!-- Method1 -->
  <testcase classname="testNGAnnotation_flags.Flag3" name="Method1" time="0.000">
    <system-out>
      <![CDATA[Method]]>
    </system-out>
  </testcase> <!-- Method1 -->
  <testcase classname="testNGAnnotation_flags.Flag3" name="Method1" time="0.001">
    <system-out>
      <![CDATA[Method]]>
    </system-out>
  </testcase> <!-- Method1 -->
  <testcase classname="testNGAnnotation_flags.Flag3" name="Method1" time="0.001">
    <system-out>
      <![CDATA[Method]]>
    </system-out>
  </testcase> <!-- Method1 -->
  <testcase classname="testNGAnnotation_flags.Flag3" name="Method1" time="0.004">
    <system-out>
      <![CDATA[Method]]>
    </system-out>
  </testcase> <!-- Method1 -->
  <testcase classname="testNGAnnotation_flags.Flag3" name="Method1" time="0.000">
    <system-out>
      <![CDATA[Method]]>
    </system-out>
  </testcase> <!-- Method1 -->
  <testcase classname="testNGAnnotation_flags.Flag3" name="Method1" time="0.001">
    <system-out>
      <![CDATA[Method]]>
    </system-out>
  </testcase> <!-- Method1 -->
  <testcase classname="testNGAnnotation_flags.Flag3" name="Method1" time="0.001">
    <system-out>
      <![CDATA[Method]]>
    </system-out>
  </testcase> <!-- Method1 -->
  <testcase classname="testNGAnnotation_flags.Flag3" name="Method1" time="0.001">
    <system-out>
      <![CDATA[Method]]>
    </system-out>
  </testcase> <!-- Method1 -->
  <testcase classname="testNGAnnotation_flags.Flag3" name="Method1" time="0.010">
    <system-out>
      <![CDATA[Method]]>
    </system-out>
  </testcase> <!-- Method1 -->
  <testcase classname="testNGAnnotation_flags.Flag3" name="Method1" time="0.001">
    <system-out>
      <![CDATA[Method]]>
    </system-out>
  </testcase> <!-- Method1 -->
  <testcase classname="testNGAnnotation_flags.Flag3" name="Method1" time="0.002">
    <system-out>
      <![CDATA[Method]]>
    </system-out>
  </testcase> <!-- Method1 -->
  <testcase classname="testNGAnnotation_flags.Flag3" name="Method1" time="0.001">
    <system-out>
      <![CDATA[Method]]>
    </system-out>
  </testcase> <!-- Method1 -->
  <testcase classname="testNGAnnotation_flags.Flag3" name="Method1" time="0.000">
    <system-out>
      <![CDATA[Method]]>
    </system-out>
  </testcase> <!-- Method1 -->
  <testcase classname="testNGAnnotation_flags.Flag3" name="Method1" time="0.001">
    <system-out>
      <![CDATA[Method]]>
    </system-out>
  </testcase> <!-- Method1 -->
  <testcase classname="testNGAnnotation_flags.Flag3" name="Method1" time="0.000">
    <system-out>
      <![CDATA[Method]]>
    </system-out>
  </testcase> <!-- Method1 -->
  <testcase classname="testNGAnnotation_flags.Flag3" name="Method1" time="0.000">
    <system-out>
      <![CDATA[Method]]>
    </system-out>
  </testcase> <!-- Method1 -->
  <testcase classname="testNGAnnotation_flags.Flag3" name="Method1" time="0.003">
    <system-out>
      <![CDATA[Method]]>
    </system-out>
  </testcase> <!-- Method1 -->
  <testcase classname="testNGAnnotation_flags.Flag3" name="Method1" time="0.000">
    <system-out>
      <![CDATA[Method]]>
    </system-out>
  </testcase> <!-- Method1 -->
  <testcase classname="testNGAnnotation_flags.Flag3" name="Method1" time="0.001">
    <system-out>
      <![CDATA[Method]]>
    </system-out>
  </testcase> <!-- Method1 -->
  <testcase classname="testNGAnnotation_flags.Flag3" name="Method1" time="0.000">
    <system-out>
      <![CDATA[Method]]>
    </system-out>
  </testcase> <!-- Method1 -->
  <testcase classname="testNGAnnotation_flags.Flag3" name="Method1" time="0.001">
    <system-out>
      <![CDATA[Method]]>
    </system-out>
  </testcase> <!-- Method1 -->
  <testcase classname="testNGAnnotation_flags.Flag3" name="Method1" time="0.000">
    <system-out>
      <![CDATA[Method]]>
    </system-out>
  </testcase> <!-- Method1 -->
  <testcase classname="testNGAnnotation_flags.Flag3" name="Method1" time="0.000">
    <system-out>
      <![CDATA[Method]]>
    </system-out>
  </testcase> <!-- Method1 -->
  <testcase classname="testNGAnnotation_flags.Flag3" name="Method1" time="0.000">
    <system-out>
      <![CDATA[Method]]>
    </system-out>
  </testcase> <!-- Method1 -->
  <testcase classname="testNGAnnotation_flags.Flag3" name="Method1" time="0.000">
    <system-out>
      <![CDATA[Method]]>
    </system-out>
  </testcase> <!-- Method1 -->
  <testcase classname="testNGAnnotation_flags.Flag3" name="Method1" time="0.000">
    <system-out>
      <![CDATA[Method]]>
    </system-out>
  </testcase> <!-- Method1 -->
  <testcase classname="testNGAnnotation_flags.Flag3" name="Method1" time="0.001">
    <system-out>
      <![CDATA[Method]]>
    </system-out>
  </testcase> <!-- Method1 -->
  <testcase classname="testNGAnnotation_flags.Flag3" name="Method1" time="0.000">
    <system-out>
      <![CDATA[Method]]>
    </system-out>
  </testcase> <!-- Method1 -->
  <testcase classname="testNGAnnotation_flags.Flag3" name="Method1" time="0.001">
    <system-out>
      <![CDATA[Method]]>
    </system-out>
  </testcase> <!-- Method1 -->
  <testcase classname="testNGAnnotation_flags.Flag3" name="Method1" time="0.000">
    <system-out>
      <![CDATA[Method]]>
    </system-out>
  </testcase> <!-- Method1 -->
  <testcase classname="testNGAnnotation_flags.Flag3" name="Method1" time="0.002">
    <system-out>
      <![CDATA[Method]]>
    </system-out>
  </testcase> <!-- Method1 -->
  <testcase classname="testNGAnnotation_flags.Flag3" name="Method1" time="0.001">
    <system-out>
      <![CDATA[Method]]>
    </system-out>
  </testcase> <!-- Method1 -->
  <testcase classname="testNGAnnotation_flags.Flag3" name="Method1" time="0.000">
    <system-out>
      <![CDATA[Method]]>
    </system-out>
  </testcase> <!-- Method1 -->
  <testcase classname="testNGAnnotation_flags.Flag3" name="Method1" time="0.002">
    <system-out>
      <![CDATA[Method]]>
    </system-out>
  </testcase> <!-- Method1 -->
  <testcase classname="testNGAnnotation_flags.Flag3" name="Method1" time="0.001">
    <system-out>
      <![CDATA[Method]]>
    </system-out>
  </testcase> <!-- Method1 -->
  <testcase classname="testNGAnnotation_flags.Flag3" name="Method1" time="0.001">
    <system-out>
      <![CDATA[Method]]>
    </system-out>
  </testcase> <!-- Method1 -->
  <testcase classname="testNGAnnotation_flags.Flag3" name="Method1" time="0.002">
    <system-out>
      <![CDATA[Method]]>
    </system-out>
  </testcase> <!-- Method1 -->
  <testcase classname="testNGAnnotation_flags.Flag3" name="Method1" time="0.001">
    <system-out>
      <![CDATA[Method]]>
    </system-out>
  </testcase> <!-- Method1 -->
  <testcase classname="testNGAnnotation_flags.Flag3" name="Method1" time="0.001">
    <system-out>
      <![CDATA[Method]]>
    </system-out>
  </testcase> <!-- Method1 -->
  <testcase classname="testNGAnnotation_flags.Flag3" name="Method1" time="0.000">
    <system-out>
      <![CDATA[Method]]>
    </system-out>
  </testcase> <!-- Method1 -->
  <testcase classname="testNGAnnotation_flags.Flag3" name="Method1" time="0.002">
    <system-out>
      <![CDATA[Method]]>
    </system-out>
  </testcase> <!-- Method1 -->
  <testcase classname="testNGAnnotation_flags.Flag3" name="Method1" time="0.001">
    <system-out>
      <![CDATA[Method]]>
    </system-out>
  </testcase> <!-- Method1 -->
  <testcase classname="testNGAnnotation_flags.Flag3" name="Method1" time="0.001">
    <system-out>
      <![CDATA[Method]]>
    </system-out>
  </testcase> <!-- Method1 -->
  <testcase classname="testNGAnnotation_flags.Flag3" name="Method1" time="0.000">
    <system-out>
      <![CDATA[Method]]>
    </system-out>
  </testcase> <!-- Method1 -->
  <testcase classname="testNGAnnotation_flags.Flag3" name="Method1" time="0.001">
    <system-out>
      <![CDATA[Method]]>
    </system-out>
  </testcase> <!-- Method1 -->
  <testcase classname="testNGAnnotation_flags.Flag3" name="Method1" time="0.000">
    <system-out>
      <![CDATA[Method]]>
    </system-out>
  </testcase> <!-- Method1 -->
  <testcase classname="testNGAnnotation_flags.Flag3" name="Method1" time="0.000">
    <system-out>
      <![CDATA[Method]]>
    </system-out>
  </testcase> <!-- Method1 -->
  <testcase classname="testNGAnnotation_flags.Flag3" name="Method1" time="0.001">
    <system-out>
      <![CDATA[Method]]>
    </system-out>
  </testcase> <!-- Method1 -->
  <testcase classname="testNGAnnotation_flags.Flag3" name="Method1" time="0.000">
    <system-out>
      <![CDATA[Method]]>
    </system-out>
  </testcase> <!-- Method1 -->
  <testcase classname="testNGAnnotation_flags.Flag3" name="Method1" time="0.000">
    <system-out>
      <![CDATA[Method]]>
    </system-out>
  </testcase> <!-- Method1 -->
  <testcase classname="testNGAnnotation_flags.Flag3" name="Method1" time="0.000">
    <system-out>
      <![CDATA[Method]]>
    </system-out>
  </testcase> <!-- Method1 -->
  <testcase classname="testNGAnnotation_flags.Flag3" name="Method1" time="0.001">
    <system-out>
      <![CDATA[Method]]>
    </system-out>
  </testcase> <!-- Method1 -->
  <testcase classname="testNGAnnotation_flags.Flag3" name="Method1" time="0.000">
    <system-out>
      <![CDATA[Method]]>
    </system-out>
  </testcase> <!-- Method1 -->
  <testcase classname="testNGAnnotation_flags.Flag3" name="Method1" time="0.006">
    <system-out>
      <![CDATA[Method]]>
    </system-out>
  </testcase> <!-- Method1 -->
  <testcase classname="testNGAnnotation_flags.Flag3" name="Method1" time="0.000">
    <system-out>
      <![CDATA[Method]]>
    </system-out>
  </testcase> <!-- Method1 -->
  <testcase classname="testNGAnnotation_flags.Flag3" name="Method1" time="0.000">
    <system-out>
      <![CDATA[Method]]>
    </system-out>
  </testcase> <!-- Method1 -->
  <testcase classname="testNGAnnotation_flags.Flag3" name="Method1" time="0.000">
    <system-out>
      <![CDATA[Method]]>
    </system-out>
  </testcase> <!-- Method1 -->
  <testcase classname="testNGAnnotation_flags.Flag3" name="Method1" time="0.000">
    <system-out>
      <![CDATA[Method]]>
    </system-out>
  </testcase> <!-- Method1 -->
  <testcase classname="testNGAnnotation_flags.Flag3" name="Method1" time="0.001">
    <system-out>
      <![CDATA[Method]]>
    </system-out>
  </testcase> <!-- Method1 -->
  <testcase classname="testNGAnnotation_flags.Flag3" name="Method1" time="0.000">
    <system-out>
      <![CDATA[Method]]>
    </system-out>
  </testcase> <!-- Method1 -->
  <testcase classname="testNGAnnotation_flags.Flag3" name="Method1" time="0.000">
    <system-out>
      <![CDATA[Method]]>
    </system-out>
  </testcase> <!-- Method1 -->
  <testcase classname="testNGAnnotation_flags.Flag3" name="Method1" time="0.000">
    <system-out>
      <![CDATA[Method]]>
    </system-out>
  </testcase> <!-- Method1 -->
  <testcase classname="testNGAnnotation_flags.Flag3" name="Method1" time="0.001">
    <system-out>
      <![CDATA[Method]]>
    </system-out>
  </testcase> <!-- Method1 -->
  <testcase classname="testNGAnnotation_flags.Flag3" name="Method1" time="0.000">
    <system-out>
      <![CDATA[Method]]>
    </system-out>
  </testcase> <!-- Method1 -->
  <testcase classname="testNGAnnotation_flags.Flag3" name="Method1" time="0.000">
    <system-out>
      <![CDATA[Method]]>
    </system-out>
  </testcase> <!-- Method1 -->
  <testcase classname="testNGAnnotation_flags.Flag3" name="Method1" time="0.001">
    <system-out>
      <![CDATA[Method]]>
    </system-out>
  </testcase> <!-- Method1 -->
  <testcase classname="testNGAnnotation_flags.Flag3" name="Method1" time="0.000">
    <system-out>
      <![CDATA[Method]]>
    </system-out>
  </testcase> <!-- Method1 -->
  <testcase classname="testNGAnnotation_flags.Flag3" name="Method1" time="0.002">
    <system-out>
      <![CDATA[Method]]>
    </system-out>
  </testcase> <!-- Method1 -->
  <testcase classname="testNGAnnotation_flags.Flag3" name="Method1" time="0.000">
    <system-out>
      <![CDATA[Method]]>
    </system-out>
  </testcase> <!-- Method1 -->
  <testcase classname="testNGAnnotation_flags.Flag3" name="Method1" time="0.001">
    <system-out>
      <![CDATA[Method]]>
    </system-out>
  </testcase> <!-- Method1 -->
  <testcase classname="testNGAnnotation_flags.Flag3" name="Method1" time="0.001">
    <system-out>
      <![CDATA[Method]]>
    </system-out>
  </testcase> <!-- Method1 -->
  <testcase classname="testNGAnnotation_flags.Flag3" name="Method1" time="0.001">
    <system-out>
      <![CDATA[Method]]>
    </system-out>
  </testcase> <!-- Method1 -->
  <testcase classname="testNGAnnotation_flags.Flag3" name="Method1" time="0.000">
    <system-out>
      <![CDATA[Method]]>
    </system-out>
  </testcase> <!-- Method1 -->
  <testcase classname="testNGAnnotation_flags.Flag3" name="Method1" time="0.000">
    <system-out>
      <![CDATA[Method]]>
    </system-out>
  </testcase> <!-- Method1 -->
  <testcase classname="testNGAnnotation_flags.Flag3" name="Method1" time="0.002">
    <system-out>
      <![CDATA[Method]]>
    </system-out>
  </testcase> <!-- Method1 -->
  <testcase classname="testNGAnnotation_flags.Flag3" name="Method1" time="0.000">
    <system-out>
      <![CDATA[Method]]>
    </system-out>
  </testcase> <!-- Method1 -->
  <testcase classname="testNGAnnotation_flags.Flag3" name="Method1" time="0.000">
    <system-out>
      <![CDATA[Method]]>
    </system-out>
  </testcase> <!-- Method1 -->
  <testcase classname="testNGAnnotation_flags.Flag3" name="Method1" time="0.004">
    <system-out>
      <![CDATA[Method]]>
    </system-out>
  </testcase> <!-- Method1 -->
  <testcase classname="testNGAnnotation_flags.Flag3" name="Method1" time="0.000">
    <system-out>
      <![CDATA[Method]]>
    </system-out>
  </testcase> <!-- Method1 -->
  <testcase classname="testNGAnnotation_flags.Flag3" name="Method1" time="0.001">
    <system-out>
      <![CDATA[Method]]>
    </system-out>
  </testcase> <!-- Method1 -->
  <testcase classname="testNGAnnotation_flags.Flag3" name="Method1" time="0.002">
    <system-out>
      <![CDATA[Method]]>
    </system-out>
  </testcase> <!-- Method1 -->
  <testcase classname="testNGAnnotation_flags.Flag3" name="Method1" time="0.001">
    <system-out>
      <![CDATA[Method]]>
    </system-out>
  </testcase> <!-- Method1 -->
  <testcase classname="testNGAnnotation_flags.Flag3" name="Method1" time="0.002">
    <system-out>
      <![CDATA[Method]]>
    </system-out>
  </testcase> <!-- Method1 -->
  <testcase classname="testNGAnnotation_flags.Flag3" name="Method1" time="0.003">
    <system-out>
      <![CDATA[Method]]>
    </system-out>
  </testcase> <!-- Method1 -->
  <testcase classname="testNGAnnotation_flags.Flag3" name="Method1" time="0.000">
    <system-out>
      <![CDATA[Method]]>
    </system-out>
  </testcase> <!-- Method1 -->
  <testcase classname="testNGAnnotation_flags.Flag3" name="Method1" time="0.002">
    <system-out>
      <![CDATA[Method]]>
    </system-out>
  </testcase> <!-- Method1 -->
  <testcase classname="testNGAnnotation_flags.Flag3" name="Method1" time="0.001">
    <system-out>
      <![CDATA[Method]]>
    </system-out>
  </testcase> <!-- Method1 -->
  <testcase classname="testNGAnnotation_flags.Flag3" name="Method1" time="0.000">
    <system-out>
      <![CDATA[Method]]>
    </system-out>
  </testcase> <!-- Method1 -->
  <testcase classname="testNGAnnotation_flags.Flag3" name="Method1" time="0.004">
    <system-out>
      <![CDATA[Method]]>
    </system-out>
  </testcase> <!-- Method1 -->
  <testcase classname="testNGAnnotation_flags.Flag3" name="Method1" time="0.000">
    <system-out>
      <![CDATA[Method]]>
    </system-out>
  </testcase> <!-- Method1 -->
  <testcase classname="testNGAnnotation_flags.Flag3" name="Method1" time="0.001">
    <system-out>
      <![CDATA[Method]]>
    </system-out>
  </testcase> <!-- Method1 -->
  <testcase classname="testNGAnnotation_flags.Flag3" name="Method1" time="0.001">
    <system-out>
      <![CDATA[Method]]>
    </system-out>
  </testcase> <!-- Method1 -->
  <testcase classname="testNGAnnotation_flags.Flag3" name="Method1" time="0.001">
    <system-out>
      <![CDATA[Method]]>
    </system-out>
  </testcase> <!-- Method1 -->
  <testcase classname="testNGAnnotation_flags.Flag3" name="Method1" time="0.000">
    <system-out>
      <![CDATA[Method]]>
    </system-out>
  </testcase> <!-- Method1 -->
  <testcase classname="testNGAnnotation_flags.Flag3" name="Method1" time="0.001">
    <system-out>
      <![CDATA[Method]]>
    </system-out>
  </testcase> <!-- Method1 -->
  <testcase classname="testNGAnnotation_flags.Flag3" name="Method1" time="0.001">
    <system-out>
      <![CDATA[Method]]>
    </system-out>
  </testcase> <!-- Method1 -->
  <testcase classname="testNGAnnotation_flags.Flag3" name="Method1" time="0.000">
    <system-out>
      <![CDATA[Method]]>
    </system-out>
  </testcase> <!-- Method1 -->
  <testcase classname="testNGAnnotation_flags.Flag3" name="Method1" time="0.000">
    <system-out>
      <![CDATA[Method]]>
    </system-out>
  </testcase> <!-- Method1 -->
  <testcase classname="testNGAnnotation_flags.Flag3" name="Method1" time="0.002">
    <system-out>
      <![CDATA[Method]]>
    </system-out>
  </testcase> <!-- Method1 -->
  <testcase classname="testNGAnnotation_flags.Flag3" name="Method1" time="0.000">
    <system-out>
      <![CDATA[Method]]>
    </system-out>
  </testcase> <!-- Method1 -->
  <testcase classname="testNGAnnotation_flags.Flag3" name="Method1" time="0.000">
    <system-out>
      <![CDATA[Method]]>
    </system-out>
  </testcase> <!-- Method1 -->
  <testcase classname="testNGAnnotation_flags.Flag3" name="Method1" time="0.000">
    <system-out>
      <![CDATA[Method]]>
    </system-out>
  </testcase> <!-- Method1 -->
  <testcase classname="testNGAnnotation_flags.Flag3" name="Method1" time="0.001">
    <system-out>
      <![CDATA[Method]]>
    </system-out>
  </testcase> <!-- Method1 -->
  <testcase classname="testNGAnnotation_flags.Flag3" name="Method1" time="0.001">
    <system-out>
      <![CDATA[Method]]>
    </system-out>
  </testcase> <!-- Method1 -->
  <testcase classname="testNGAnnotation_flags.Flag3" name="Method1" time="0.000">
    <system-out>
      <![CDATA[Method]]>
    </system-out>
  </testcase> <!-- Method1 -->
  <testcase classname="testNGAnnotation_flags.Flag3" name="Method1" time="0.000">
    <system-out>
      <![CDATA[Method]]>
    </system-out>
  </testcase> <!-- Method1 -->
  <testcase classname="testNGAnnotation_flags.Flag3" name="Method1" time="0.002">
    <system-out>
      <![CDATA[Method]]>
    </system-out>
  </testcase> <!-- Method1 -->
  <testcase classname="testNGAnnotation_flags.Flag3" name="Method1" time="0.000">
    <system-out>
      <![CDATA[Method]]>
    </system-out>
  </testcase> <!-- Method1 -->
  <testcase classname="testNGAnnotation_flags.Flag3" name="Method1" time="0.000">
    <system-out>
      <![CDATA[Method]]>
    </system-out>
  </testcase> <!-- Method1 -->
  <testcase classname="testNGAnnotation_flags.Flag3" name="Method1" time="0.000">
    <system-out>
      <![CDATA[Method]]>
    </system-out>
  </testcase> <!-- Method1 -->
  <testcase classname="testNGAnnotation_flags.Flag3" name="Method1" time="0.001">
    <system-out>
      <![CDATA[Method]]>
    </system-out>
  </testcase> <!-- Method1 -->
  <testcase classname="testNGAnnotation_flags.Flag3" name="Method1" time="0.000">
    <system-out>
      <![CDATA[Method]]>
    </system-out>
  </testcase> <!-- Method1 -->
  <testcase classname="testNGAnnotation_flags.Flag3" name="Method1" time="0.002">
    <system-out>
      <![CDATA[Method]]>
    </system-out>
  </testcase> <!-- Method1 -->
  <testcase classname="testNGAnnotation_flags.Flag3" name="Method1" time="0.001">
    <system-out>
      <![CDATA[Method]]>
    </system-out>
  </testcase> <!-- Method1 -->
  <testcase classname="testNGAnnotation_flags.Flag3" name="Method1" time="0.000">
    <system-out>
      <![CDATA[Method]]>
    </system-out>
  </testcase> <!-- Method1 -->
  <testcase classname="testNGAnnotation_flags.Flag3" name="Method1" time="0.000">
    <system-out>
      <![CDATA[Method]]>
    </system-out>
  </testcase> <!-- Method1 -->
  <testcase classname="testNGAnnotation_flags.Flag3" name="Method1" time="0.000">
    <system-out>
      <![CDATA[Method]]>
    </system-out>
  </testcase> <!-- Method1 -->
  <testcase classname="testNGAnnotation_flags.Flag3" name="Method1" time="0.005">
    <system-out>
      <![CDATA[Method]]>
    </system-out>
  </testcase> <!-- Method1 -->
  <testcase classname="testNGAnnotation_flags.Flag3" name="Method1" time="0.000">
    <system-out>
      <![CDATA[Method]]>
    </system-out>
  </testcase> <!-- Method1 -->
  <testcase classname="testNGAnnotation_flags.Flag3" name="Method1" time="0.000">
    <system-out>
      <![CDATA[Method]]>
    </system-out>
  </testcase> <!-- Method1 -->
  <testcase classname="testNGAnnotation_flags.Flag3" name="Method1" time="0.001">
    <system-out>
      <![CDATA[Method]]>
    </system-out>
  </testcase> <!-- Method1 -->
  <testcase classname="testNGAnnotation_flags.Flag3" name="Method1" time="0.001">
    <system-out>
      <![CDATA[Method]]>
    </system-out>
  </testcase> <!-- Method1 -->
  <testcase classname="testNGAnnotation_flags.Flag3" name="Method1" time="0.005">
    <system-out>
      <![CDATA[Method]]>
    </system-out>
  </testcase> <!-- Method1 -->
  <testcase classname="testNGAnnotation_flags.Flag3" name="Method1" time="0.000">
    <system-out>
      <![CDATA[Method]]>
    </system-out>
  </testcase> <!-- Method1 -->
  <testcase classname="testNGAnnotation_flags.Flag3" name="Method1" time="0.001">
    <system-out>
      <![CDATA[Method]]>
    </system-out>
  </testcase> <!-- Method1 -->
  <testcase classname="testNGAnnotation_flags.Flag3" name="Method1" time="0.000">
    <system-out>
      <![CDATA[Method]]>
    </system-out>
  </testcase> <!-- Method1 -->
  <testcase classname="testNGAnnotation_flags.Flag3" name="Method1" time="0.001">
    <system-out>
      <![CDATA[Method]]>
    </system-out>
  </testcase> <!-- Method1 -->
  <testcase classname="testNGAnnotation_flags.Flag3" name="Method1" time="0.001">
    <system-out>
      <![CDATA[Method]]>
    </system-out>
  </testcase> <!-- Method1 -->
  <testcase classname="testNGAnnotation_flags.Flag3" name="Method1" time="0.000">
    <system-out>
      <![CDATA[Method]]>
    </system-out>
  </testcase> <!-- Method1 -->
  <testcase classname="testNGAnnotation_flags.Flag3" name="Method1" time="0.000">
    <system-out>
      <![CDATA[Method]]>
    </system-out>
  </testcase> <!-- Method1 -->
  <testcase classname="testNGAnnotation_flags.Flag3" name="Method1" time="0.003">
    <system-out>
      <![CDATA[Method]]>
    </system-out>
  </testcase> <!-- Method1 -->
  <testcase classname="testNGAnnotation_flags.Flag3" name="Method1" time="0.001">
    <system-out>
      <![CDATA[Method]]>
    </system-out>
  </testcase> <!-- Method1 -->
  <testcase classname="testNGAnnotation_flags.Flag3" name="Method1" time="0.001">
    <system-out>
      <![CDATA[Method]]>
    </system-out>
  </testcase> <!-- Method1 -->
  <testcase classname="testNGAnnotation_flags.Flag3" name="Method1" time="0.000">
    <system-out>
      <![CDATA[Method]]>
    </system-out>
  </testcase> <!-- Method1 -->
  <testcase classname="testNGAnnotation_flags.Flag3" name="Method1" time="0.000">
    <system-out>
      <![CDATA[Method]]>
    </system-out>
  </testcase> <!-- Method1 -->
  <testcase classname="testNGAnnotation_flags.Flag3" name="Method1" time="0.000">
    <system-out>
      <![CDATA[Method]]>
    </system-out>
  </testcase> <!-- Method1 -->
  <testcase classname="testNGAnnotation_flags.Flag3" name="Method1" time="0.000">
    <system-out>
      <![CDATA[Method]]>
    </system-out>
  </testcase> <!-- Method1 -->
  <testcase classname="testNGAnnotation_flags.Flag3" name="Method1" time="0.001">
    <system-out>
      <![CDATA[Method]]>
    </system-out>
  </testcase> <!-- Method1 -->
  <testcase classname="testNGAnnotation_flags.Flag3" name="Method1" time="0.001">
    <system-out>
      <![CDATA[Method]]>
    </system-out>
  </testcase> <!-- Method1 -->
  <testcase classname="testNGAnnotation_flags.Flag3" name="Method1" time="0.000">
    <system-out>
      <![CDATA[Method]]>
    </system-out>
  </testcase> <!-- Method1 -->
  <testcase classname="testNGAnnotation_flags.Flag3" name="Method1" time="0.000">
    <system-out>
      <![CDATA[Method]]>
    </system-out>
  </testcase> <!-- Method1 -->
  <testcase classname="testNGAnnotation_flags.Flag3" name="Method1" time="0.005">
    <system-out>
      <![CDATA[Method]]>
    </system-out>
  </testcase> <!-- Method1 -->
  <testcase classname="testNGAnnotation_flags.Flag3" name="Method1" time="0.000">
    <system-out>
      <![CDATA[Method]]>
    </system-out>
  </testcase> <!-- Method1 -->
  <testcase classname="testNGAnnotation_flags.Flag3" name="Method1" time="0.000">
    <system-out>
      <![CDATA[Method]]>
    </system-out>
  </testcase> <!-- Method1 -->
  <testcase classname="testNGAnnotation_flags.Flag3" name="Method1" time="0.000">
    <system-out>
      <![CDATA[Method]]>
    </system-out>
  </testcase> <!-- Method1 -->
  <testcase classname="testNGAnnotation_flags.Flag3" name="Method1" time="0.001">
    <system-out>
      <![CDATA[Method]]>
    </system-out>
  </testcase> <!-- Method1 -->
  <testcase classname="testNGAnnotation_flags.Flag3" name="Method1" time="0.008">
    <system-out>
      <![CDATA[Method]]>
    </system-out>
  </testcase> <!-- Method1 -->
  <testcase classname="testNGAnnotation_flags.Flag3" name="Method1" time="0.002">
    <system-out>
      <![CDATA[Method]]>
    </system-out>
  </testcase> <!-- Method1 -->
  <testcase classname="testNGAnnotation_flags.Flag3" name="Method1" time="0.000">
    <system-out>
      <![CDATA[Method]]>
    </system-out>
  </testcase> <!-- Method1 -->
  <testcase classname="testNGAnnotation_flags.Flag3" name="Method1" time="0.000">
    <system-out>
      <![CDATA[Method]]>
    </system-out>
  </testcase> <!-- Method1 -->
  <testcase classname="testNGAnnotation_flags.Flag3" name="Method1" time="0.003">
    <system-out>
      <![CDATA[Method]]>
    </system-out>
  </testcase> <!-- Method1 -->
  <testcase classname="testNGAnnotation_flags.Flag3" name="Method1" time="0.000">
    <system-out>
      <![CDATA[Method]]>
    </system-out>
  </testcase> <!-- Method1 -->
  <testcase classname="testNGAnnotation_flags.Flag3" name="Method1" time="0.004">
    <system-out>
      <![CDATA[Method]]>
    </system-out>
  </testcase> <!-- Method1 -->
  <testcase classname="testNGAnnotation_flags.Flag3" name="Method1" time="0.000">
    <system-out>
      <![CDATA[Method]]>
    </system-out>
  </testcase> <!-- Method1 -->
  <testcase classname="testNGAnnotation_flags.Flag3" name="Method1" time="0.000">
    <system-out>
      <![CDATA[Method]]>
    </system-out>
  </testcase> <!-- Method1 -->
  <testcase classname="testNGAnnotation_flags.Flag3" name="Method1" time="0.000">
    <system-out>
      <![CDATA[Method]]>
    </system-out>
  </testcase> <!-- Method1 -->
  <testcase classname="testNGAnnotation_flags.Flag3" name="Method1" time="0.000">
    <system-out>
      <![CDATA[Method]]>
    </system-out>
  </testcase> <!-- Method1 -->
  <testcase classname="testNGAnnotation_flags.Flag3" name="Method1" time="0.001">
    <system-out>
      <![CDATA[Method]]>
    </system-out>
  </testcase> <!-- Method1 -->
  <testcase classname="testNGAnnotation_flags.Flag3" name="Method1" time="0.000">
    <system-out>
      <![CDATA[Method]]>
    </system-out>
  </testcase> <!-- Method1 -->
  <testcase classname="testNGAnnotation_flags.Flag3" name="Method1" time="0.000">
    <system-out>
      <![CDATA[Method]]>
    </system-out>
  </testcase> <!-- Method1 -->
  <testcase classname="testNGAnnotation_flags.Flag3" name="Method1" time="0.000">
    <system-out>
      <![CDATA[Method]]>
    </system-out>
  </testcase> <!-- Method1 -->
  <testcase classname="testNGAnnotation_flags.Flag3" name="Method1" time="0.000">
    <system-out>
      <![CDATA[Method]]>
    </system-out>
  </testcase> <!-- Method1 -->
  <testcase classname="testNGAnnotation_flags.Flag3" name="Method1" time="0.001">
    <system-out>
      <![CDATA[Method]]>
    </system-out>
  </testcase> <!-- Method1 -->
  <testcase classname="testNGAnnotation_flags.Flag3" name="Method1" time="0.001">
    <system-out>
      <![CDATA[Method]]>
    </system-out>
  </testcase> <!-- Method1 -->
  <testcase classname="testNGAnnotation_flags.Flag3" name="Method1" time="0.001">
    <system-out>
      <![CDATA[Method]]>
    </system-out>
  </testcase> <!-- Method1 -->
  <testcase classname="testNGAnnotation_flags.Flag3" name="Method1" time="0.000">
    <system-out>
      <![CDATA[Method]]>
    </system-out>
  </testcase> <!-- Method1 -->
  <testcase classname="testNGAnnotation_flags.Flag3" name="Method1" time="0.067">
    <system-out>
      <![CDATA[Method]]>
    </system-out>
  </testcase> <!-- Method1 -->
  <testcase classname="testNGAnnotation_flags.Flag3" name="Method1" time="0.000">
    <system-out>
      <![CDATA[Method]]>
    </system-out>
  </testcase> <!-- Method1 -->
  <testcase classname="testNGAnnotation_flags.Flag3" name="Method1" time="0.002">
    <system-out>
      <![CDATA[Method]]>
    </system-out>
  </testcase> <!-- Method1 -->
  <testcase classname="testNGAnnotation_flags.Flag3" name="Method1" time="0.000">
    <system-out>
      <![CDATA[Method]]>
    </system-out>
  </testcase> <!-- Method1 -->
  <testcase classname="testNGAnnotation_flags.Flag3" name="Method1" time="0.001">
    <system-out>
      <![CDATA[Method]]>
    </system-out>
  </testcase> <!-- Method1 -->
  <testcase classname="testNGAnnotation_flags.Flag3" name="Method1" time="0.001">
    <system-out>
      <![CDATA[Method]]>
    </system-out>
  </testcase> <!-- Method1 -->
  <testcase classname="testNGAnnotation_flags.Flag3" name="Method1" time="0.002">
    <system-out>
      <![CDATA[Method]]>
    </system-out>
  </testcase> <!-- Method1 -->
  <testcase classname="testNGAnnotation_flags.Flag3" name="Method1" time="0.001">
    <system-out>
      <![CDATA[Method]]>
    </system-out>
  </testcase> <!-- Method1 -->
  <testcase classname="testNGAnnotation_flags.Flag3" name="Method1" time="0.015">
    <system-out>
      <![CDATA[Method]]>
    </system-out>
  </testcase> <!-- Method1 -->
  <testcase classname="testNGAnnotation_flags.Flag3" name="Method1" time="0.001">
    <system-out>
      <![CDATA[Method]]>
    </system-out>
  </testcase> <!-- Method1 -->
  <testcase classname="testNGAnnotation_flags.Flag3" name="Method1" time="0.002">
    <system-out>
      <![CDATA[Method]]>
    </system-out>
  </testcase> <!-- Method1 -->
  <testcase classname="testNGAnnotation_flags.Flag3" name="Method1" time="0.002">
    <system-out>
      <![CDATA[Method]]>
    </system-out>
  </testcase> <!-- Method1 -->
  <testcase classname="testNGAnnotation_flags.Flag3" name="Method1" time="0.000">
    <system-out>
      <![CDATA[Method]]>
    </system-out>
  </testcase> <!-- Method1 -->
  <testcase classname="testNGAnnotation_flags.Flag3" name="Method1" time="0.002">
    <system-out>
      <![CDATA[Method]]>
    </system-out>
  </testcase> <!-- Method1 -->
  <testcase classname="testNGAnnotation_flags.Flag3" name="Method1" time="0.001">
    <system-out>
      <![CDATA[Method]]>
    </system-out>
  </testcase> <!-- Method1 -->
  <testcase classname="testNGAnnotation_flags.Flag3" name="Method1" time="0.001">
    <system-out>
      <![CDATA[Method]]>
    </system-out>
  </testcase> <!-- Method1 -->
  <testcase classname="testNGAnnotation_flags.Flag3" name="Method1" time="0.003">
    <system-out>
      <![CDATA[Method]]>
    </system-out>
  </testcase> <!-- Method1 -->
  <testcase classname="testNGAnnotation_flags.Flag3" name="Method1" time="0.000">
    <system-out>
      <![CDATA[Method]]>
    </system-out>
  </testcase> <!-- Method1 -->
  <testcase classname="testNGAnnotation_flags.Flag3" name="Method1" time="0.001">
    <system-out>
      <![CDATA[Method]]>
    </system-out>
  </testcase> <!-- Method1 -->
  <testcase classname="testNGAnnotation_flags.Flag3" name="Method1" time="0.001">
    <system-out>
      <![CDATA[Method]]>
    </system-out>
  </testcase> <!-- Method1 -->
  <testcase classname="testNGAnnotation_flags.Flag3" name="Method1" time="0.000">
    <system-out>
      <![CDATA[Method]]>
    </system-out>
  </testcase> <!-- Method1 -->
  <testcase classname="testNGAnnotation_flags.Flag3" name="Method1" time="0.001">
    <system-out>
      <![CDATA[Method]]>
    </system-out>
  </testcase> <!-- Method1 -->
  <testcase classname="testNGAnnotation_flags.Flag3" name="Method1" time="0.002">
    <system-out>
      <![CDATA[Method]]>
    </system-out>
  </testcase> <!-- Method1 -->
  <testcase classname="testNGAnnotation_flags.Flag3" name="Method1" time="0.001">
    <system-out>
      <![CDATA[Method]]>
    </system-out>
  </testcase> <!-- Method1 -->
  <testcase classname="testNGAnnotation_flags.Flag3" name="Method1" time="0.002">
    <system-out>
      <![CDATA[Method]]>
    </system-out>
  </testcase> <!-- Method1 -->
  <testcase classname="testNGAnnotation_flags.Flag3" name="Method1" time="0.000">
    <system-out>
      <![CDATA[Method]]>
    </system-out>
  </testcase> <!-- Method1 -->
  <testcase classname="testNGAnnotation_flags.Flag3" name="Method1" time="0.001">
    <system-out>
      <![CDATA[Method]]>
    </system-out>
  </testcase> <!-- Method1 -->
  <testcase classname="testNGAnnotation_flags.Flag3" name="Method1" time="0.001">
    <system-out>
      <![CDATA[Method]]>
    </system-out>
  </testcase> <!-- Method1 -->
  <testcase classname="testNGAnnotation_flags.Flag3" name="Method1" time="0.001">
    <system-out>
      <![CDATA[Method]]>
    </system-out>
  </testcase> <!-- Method1 -->
  <testcase classname="testNGAnnotation_flags.Flag3" name="Method1" time="0.001">
    <system-out>
      <![CDATA[Method]]>
    </system-out>
  </testcase> <!-- Method1 -->
  <testcase classname="testNGAnnotation_flags.Flag3" name="Method1" time="0.010">
    <system-out>
      <![CDATA[Method]]>
    </system-out>
  </testcase> <!-- Method1 -->
  <testcase classname="testNGAnnotation_flags.Flag3" name="Method1" time="0.000">
    <system-out>
      <![CDATA[Method]]>
    </system-out>
  </testcase> <!-- Method1 -->
  <testcase classname="testNGAnnotation_flags.Flag3" name="Method1" time="0.001">
    <system-out>
      <![CDATA[Method]]>
    </system-out>
  </testcase> <!-- Method1 -->
  <testcase classname="testNGAnnotation_flags.Flag3" name="Method1" time="0.000">
    <system-out>
      <![CDATA[Method]]>
    </system-out>
  </testcase> <!-- Method1 -->
  <testcase classname="testNGAnnotation_flags.Flag3" name="Method1" time="0.000">
    <system-out>
      <![CDATA[Method]]>
    </system-out>
  </testcase> <!-- Method1 -->
  <testcase classname="testNGAnnotation_flags.Flag3" name="Method1" time="0.000">
    <system-out>
      <![CDATA[Method]]>
    </system-out>
  </testcase> <!-- Method1 -->
  <testcase classname="testNGAnnotation_flags.Flag3" name="Method1" time="0.000">
    <system-out>
      <![CDATA[Method]]>
    </system-out>
  </testcase> <!-- Method1 -->
  <testcase classname="testNGAnnotation_flags.Flag3" name="Method1" time="0.002">
    <system-out>
      <![CDATA[Method]]>
    </system-out>
  </testcase> <!-- Method1 -->
  <testcase classname="testNGAnnotation_flags.Flag3" name="Method1" time="0.002">
    <system-out>
      <![CDATA[Method]]>
    </system-out>
  </testcase> <!-- Method1 -->
  <testcase classname="testNGAnnotation_flags.Flag3" name="Method1" time="0.001">
    <system-out>
      <![CDATA[Method]]>
    </system-out>
  </testcase> <!-- Method1 -->
  <testcase classname="testNGAnnotation_flags.Flag3" name="Method1" time="0.000">
    <system-out>
      <![CDATA[Method]]>
    </system-out>
  </testcase> <!-- Method1 -->
  <testcase classname="testNGAnnotation_flags.Flag3" name="Method1" time="0.000">
    <system-out>
      <![CDATA[Method]]>
    </system-out>
  </testcase> <!-- Method1 -->
  <testcase classname="testNGAnnotation_flags.Flag3" name="Method1" time="0.000">
    <system-out>
      <![CDATA[Method]]>
    </system-out>
  </testcase> <!-- Method1 -->
  <testcase classname="testNGAnnotation_flags.Flag3" name="Method1" time="0.000">
    <system-out>
      <![CDATA[Method]]>
    </system-out>
  </testcase> <!-- Method1 -->
  <testcase classname="testNGAnnotation_flags.Flag3" name="Method1" time="0.000">
    <system-out>
      <![CDATA[Method]]>
    </system-out>
  </testcase> <!-- Method1 -->
  <testcase classname="testNGAnnotation_flags.Flag3" name="Method1" time="0.000">
    <system-out>
      <![CDATA[Method]]>
    </system-out>
  </testcase> <!-- Method1 -->
  <testcase classname="testNGAnnotation_flags.Flag3" name="Method1" time="0.000">
    <system-out>
      <![CDATA[Method]]>
    </system-out>
  </testcase> <!-- Method1 -->
  <testcase classname="testNGAnnotation_flags.Flag3" name="Method1" time="0.001">
    <system-out>
      <![CDATA[Method]]>
    </system-out>
  </testcase> <!-- Method1 -->
  <testcase classname="testNGAnnotation_flags.Flag3" name="Method1" time="0.001">
    <system-out>
      <![CDATA[Method]]>
    </system-out>
  </testcase> <!-- Method1 -->
  <testcase classname="testNGAnnotation_flags.Flag3" name="Method1" time="0.001">
    <system-out>
      <![CDATA[Method]]>
    </system-out>
  </testcase> <!-- Method1 -->
  <testcase classname="testNGAnnotation_flags.Flag3" name="Method1" time="0.002">
    <system-out>
      <![CDATA[Method]]>
    </system-out>
  </testcase> <!-- Method1 -->
  <testcase classname="testNGAnnotation_flags.Flag3" name="Method1" time="0.000">
    <system-out>
      <![CDATA[Method]]>
    </system-out>
  </testcase> <!-- Method1 -->
  <testcase classname="testNGAnnotation_flags.Flag3" name="Method1" time="0.000">
    <system-out>
      <![CDATA[Method]]>
    </system-out>
  </testcase> <!-- Method1 -->
  <testcase classname="testNGAnnotation_flags.Flag3" name="Method1" time="0.000">
    <system-out>
      <![CDATA[Method]]>
    </system-out>
  </testcase> <!-- Method1 -->
  <testcase classname="testNGAnnotation_flags.Flag3" name="Method1" time="0.000">
    <system-out>
      <![CDATA[Method]]>
    </system-out>
  </testcase> <!-- Method1 -->
  <testcase classname="testNGAnnotation_flags.Flag3" name="Method1" time="0.001">
    <system-out>
      <![CDATA[Method]]>
    </system-out>
  </testcase> <!-- Method1 -->
  <testcase classname="testNGAnnotation_flags.Flag3" name="Method1" time="0.001">
    <system-out>
      <![CDATA[Method]]>
    </system-out>
  </testcase> <!-- Method1 -->
  <testcase classname="testNGAnnotation_flags.Flag3" name="Method1" time="0.000">
    <system-out>
      <![CDATA[Method]]>
    </system-out>
  </testcase> <!-- Method1 -->
  <testcase classname="testNGAnnotation_flags.Flag3" name="Method1" time="0.001">
    <system-out>
      <![CDATA[Method]]>
    </system-out>
  </testcase> <!-- Method1 -->
  <testcase classname="testNGAnnotation_flags.Flag3" name="Method1" time="0.001">
    <system-out>
      <![CDATA[Method]]>
    </system-out>
  </testcase> <!-- Method1 -->
  <testcase classname="testNGAnnotation_flags.Flag3" name="Method1" time="0.000">
    <system-out>
      <![CDATA[Method]]>
    </system-out>
  </testcase> <!-- Method1 -->
  <testcase classname="testNGAnnotation_flags.Flag3" name="Method1" time="0.001">
    <system-out>
      <![CDATA[Method]]>
    </system-out>
  </testcase> <!-- Method1 -->
  <testcase classname="testNGAnnotation_flags.Flag3" name="Method1" time="0.000">
    <system-out>
      <![CDATA[Method]]>
    </system-out>
  </testcase> <!-- Method1 -->
  <testcase classname="testNGAnnotation_flags.Flag3" name="Method1" time="0.001">
    <system-out>
      <![CDATA[Method]]>
    </system-out>
  </testcase> <!-- Method1 -->
  <testcase classname="testNGAnnotation_flags.Flag3" name="Method1" time="0.003">
    <system-out>
      <![CDATA[Method]]>
    </system-out>
  </testcase> <!-- Method1 -->
  <testcase classname="testNGAnnotation_flags.Flag3" name="Method1" time="0.001">
    <system-out>
      <![CDATA[Method]]>
    </system-out>
  </testcase> <!-- Method1 -->
  <testcase classname="testNGAnnotation_flags.Flag3" name="Method1" time="0.000">
    <system-out>
      <![CDATA[Method]]>
    </system-out>
  </testcase> <!-- Method1 -->
  <testcase classname="testNGAnnotation_flags.Flag3" name="Method1" time="0.001">
    <system-out>
      <![CDATA[Method]]>
    </system-out>
  </testcase> <!-- Method1 -->
  <testcase classname="testNGAnnotation_flags.Flag3" name="Method1" time="0.000">
    <system-out>
      <![CDATA[Method]]>
    </system-out>
  </testcase> <!-- Method1 -->
  <testcase classname="testNGAnnotation_flags.Flag3" name="Method1" time="0.001">
    <system-out>
      <![CDATA[Method]]>
    </system-out>
  </testcase> <!-- Method1 -->
  <testcase classname="testNGAnnotation_flags.Flag3" name="Method1" time="0.000">
    <system-out>
      <![CDATA[Method]]>
    </system-out>
  </testcase> <!-- Method1 -->
  <testcase classname="testNGAnnotation_flags.Flag3" name="Method1" time="0.002">
    <system-out>
      <![CDATA[Method]]>
    </system-out>
  </testcase> <!-- Method1 -->
  <testcase classname="testNGAnnotation_flags.Flag3" name="Method1" time="0.000">
    <system-out>
      <![CDATA[Method]]>
    </system-out>
  </testcase> <!-- Method1 -->
  <testcase classname="testNGAnnotation_flags.Flag3" name="Method1" time="0.000">
    <system-out>
      <![CDATA[Method]]>
    </system-out>
  </testcase> <!-- Method1 -->
  <testcase classname="testNGAnnotation_flags.Flag3" name="Method1" time="0.001">
    <system-out>
      <![CDATA[Method]]>
    </system-out>
  </testcase> <!-- Method1 -->
  <testcase classname="testNGAnnotation_flags.Flag3" name="Method1" time="0.001">
    <system-out>
      <![CDATA[Method]]>
    </system-out>
  </testcase> <!-- Method1 -->
  <testcase classname="testNGAnnotation_flags.Flag3" name="Method1" time="0.000">
    <system-out>
      <![CDATA[Method]]>
    </system-out>
  </testcase> <!-- Method1 -->
  <testcase classname="testNGAnnotation_flags.Flag3" name="Method1" time="0.000">
    <system-out>
      <![CDATA[Method]]>
    </system-out>
  </testcase> <!-- Method1 -->
  <testcase classname="testNGAnnotation_flags.Flag3" name="Method1" time="0.006">
    <system-out>
      <![CDATA[Method]]>
    </system-out>
  </testcase> <!-- Method1 -->
  <testcase classname="testNGAnnotation_flags.Flag3" name="Method1" time="0.001">
    <system-out>
      <![CDATA[Method]]>
    </system-out>
  </testcase> <!-- Method1 -->
  <testcase classname="testNGAnnotation_flags.Flag3" name="Method1" time="0.000">
    <system-out>
      <![CDATA[Method]]>
    </system-out>
  </testcase> <!-- Method1 -->
  <testcase classname="testNGAnnotation_flags.Flag3" name="Method1" time="0.001">
    <system-out>
      <![CDATA[Method]]>
    </system-out>
  </testcase> <!-- Method1 -->
  <testcase classname="testNGAnnotation_flags.Flag3" name="Method1" time="0.003">
    <system-out>
      <![CDATA[Method]]>
    </system-out>
  </testcase> <!-- Method1 -->
  <testcase classname="testNGAnnotation_flags.Flag3" name="Method1" time="0.000">
    <system-out>
      <![CDATA[Method]]>
    </system-out>
  </testcase> <!-- Method1 -->
  <testcase classname="testNGAnnotation_flags.Flag3" name="Method1" time="0.001">
    <system-out>
      <![CDATA[Method]]>
    </system-out>
  </testcase> <!-- Method1 -->
  <testcase classname="testNGAnnotation_flags.Flag3" name="Method1" time="0.000">
    <system-out>
      <![CDATA[Method]]>
    </system-out>
  </testcase> <!-- Method1 -->
  <testcase classname="testNGAnnotation_flags.Flag3" name="Method1" time="0.000">
    <system-out>
      <![CDATA[Method]]>
    </system-out>
  </testcase> <!-- Method1 -->
  <testcase classname="testNGAnnotation_flags.Flag3" name="Method1" time="0.000">
    <system-out>
      <![CDATA[Method]]>
    </system-out>
  </testcase> <!-- Method1 -->
  <testcase classname="testNGAnnotation_flags.Flag3" name="Method1" time="0.002">
    <system-out>
      <![CDATA[Method]]>
    </system-out>
  </testcase> <!-- Method1 -->
  <testcase classname="testNGAnnotation_flags.Flag3" name="Method1" time="0.000">
    <system-out>
      <![CDATA[Method]]>
    </system-out>
  </testcase> <!-- Method1 -->
  <testcase classname="testNGAnnotation_flags.Flag3" name="Method1" time="0.000">
    <system-out>
      <![CDATA[Method]]>
    </system-out>
  </testcase> <!-- Method1 -->
  <testcase classname="testNGAnnotation_flags.Flag3" name="Method1" time="0.000">
    <system-out>
      <![CDATA[Method]]>
    </system-out>
  </testcase> <!-- Method1 -->
  <testcase classname="testNGAnnotation_flags.Flag3" name="Method1" time="0.001">
    <system-out>
      <![CDATA[Method]]>
    </system-out>
  </testcase> <!-- Method1 -->
  <testcase classname="testNGAnnotation_flags.Flag3" name="Method1" time="0.000">
    <system-out>
      <![CDATA[Method]]>
    </system-out>
  </testcase> <!-- Method1 -->
  <testcase classname="testNGAnnotation_flags.Flag3" name="Method1" time="0.001">
    <system-out>
      <![CDATA[Method]]>
    </system-out>
  </testcase> <!-- Method1 -->
  <testcase classname="testNGAnnotation_flags.Flag3" name="Method1" time="0.001">
    <system-out>
      <![CDATA[Method]]>
    </system-out>
  </testcase> <!-- Method1 -->
  <testcase classname="testNGAnnotation_flags.Flag3" name="Method1" time="0.000">
    <system-out>
      <![CDATA[Method]]>
    </system-out>
  </testcase> <!-- Method1 -->
  <testcase classname="testNGAnnotation_flags.Flag3" name="Method1" time="0.001">
    <system-out>
      <![CDATA[Method]]>
    </system-out>
  </testcase> <!-- Method1 -->
  <testcase classname="testNGAnnotation_flags.Flag3" name="Method1" time="0.001">
    <system-out>
      <![CDATA[Method]]>
    </system-out>
  </testcase> <!-- Method1 -->
  <testcase classname="testNGAnnotation_flags.Flag3" name="Method1" time="0.000">
    <system-out>
      <![CDATA[Method]]>
    </system-out>
  </testcase> <!-- Method1 -->
  <testcase classname="testNGAnnotation_flags.Flag3" name="Method1" time="0.001">
    <system-out>
      <![CDATA[Method]]>
    </system-out>
  </testcase> <!-- Method1 -->
  <testcase classname="testNGAnnotation_flags.Flag3" name="Method1" time="0.000">
    <system-out>
      <![CDATA[Method]]>
    </system-out>
  </testcase> <!-- Method1 -->
  <testcase classname="testNGAnnotation_flags.Flag3" name="Method1" time="0.000">
    <system-out>
      <![CDATA[Method]]>
    </system-out>
  </testcase> <!-- Method1 -->
  <testcase classname="testNGAnnotation_flags.Flag3" name="Method1" time="0.001">
    <system-out>
      <![CDATA[Method]]>
    </system-out>
  </testcase> <!-- Method1 -->
  <testcase classname="testNGAnnotation_flags.Flag3" name="Method1" time="0.000">
    <system-out>
      <![CDATA[Method]]>
    </system-out>
  </testcase> <!-- Method1 -->
  <testcase classname="testNGAnnotation_flags.Flag3" name="Method1" time="0.000">
    <system-out>
      <![CDATA[Method]]>
    </system-out>
  </testcase> <!-- Method1 -->
  <testcase classname="testNGAnnotation_flags.Flag3" name="Method1" time="0.003">
    <system-out>
      <![CDATA[Method]]>
    </system-out>
  </testcase> <!-- Method1 -->
  <testcase classname="testNGAnnotation_flags.Flag3" name="Method1" time="0.016">
    <system-out>
      <![CDATA[Method]]>
    </system-out>
  </testcase> <!-- Method1 -->
  <testcase classname="testNGAnnotation_flags.Flag3" name="Method1" time="0.001">
    <system-out>
      <![CDATA[Method]]>
    </system-out>
  </testcase> <!-- Method1 -->
  <testcase classname="testNGAnnotation_flags.Flag3" name="Method1" time="0.000">
    <system-out>
      <![CDATA[Method]]>
    </system-out>
  </testcase> <!-- Method1 -->
  <testcase classname="testNGAnnotation_flags.Flag3" name="Method1" time="0.001">
    <system-out>
      <![CDATA[Method]]>
    </system-out>
  </testcase> <!-- Method1 -->
  <testcase classname="testNGAnnotation_flags.Flag3" name="Method1" time="0.000">
    <system-out>
      <![CDATA[Method]]>
    </system-out>
  </testcase> <!-- Method1 -->
  <testcase classname="testNGAnnotation_flags.Flag3" name="Method1" time="0.001">
    <system-out>
      <![CDATA[Method]]>
    </system-out>
  </testcase> <!-- Method1 -->
  <testcase classname="testNGAnnotation_flags.Flag3" name="Method1" time="0.001">
    <system-out>
      <![CDATA[Method]]>
    </system-out>
  </testcase> <!-- Method1 -->
  <testcase classname="testNGAnnotation_flags.Flag3" name="Method1" time="0.000">
    <system-out>
      <![CDATA[Method]]>
    </system-out>
  </testcase> <!-- Method1 -->
  <testcase classname="testNGAnnotation_flags.Flag3" name="Method1" time="0.000">
    <system-out>
      <![CDATA[Method]]>
    </system-out>
  </testcase> <!-- Method1 -->
  <testcase classname="testNGAnnotation_flags.Flag3" name="Method1" time="0.001">
    <system-out>
      <![CDATA[Method]]>
    </system-out>
  </testcase> <!-- Method1 -->
  <testcase classname="testNGAnnotation_flags.Flag3" name="Method1" time="0.000">
    <system-out>
      <![CDATA[Method]]>
    </system-out>
  </testcase> <!-- Method1 -->
  <testcase classname="testNGAnnotation_flags.Flag3" name="Method1" time="0.001">
    <system-out>
      <![CDATA[Method]]>
    </system-out>
  </testcase> <!-- Method1 -->
  <testcase classname="testNGAnnotation_flags.Flag3" name="Method1" time="0.000">
    <system-out>
      <![CDATA[Method]]>
    </system-out>
  </testcase> <!-- Method1 -->
  <testcase classname="testNGAnnotation_flags.Flag3" name="Method1" time="0.000">
    <system-out>
      <![CDATA[Method]]>
    </system-out>
  </testcase> <!-- Method1 -->
  <testcase classname="testNGAnnotation_flags.Flag3" name="Method1" time="0.000">
    <system-out>
      <![CDATA[Method]]>
    </system-out>
  </testcase> <!-- Method1 -->
  <testcase classname="testNGAnnotation_flags.Flag3" name="Method1" time="0.001">
    <system-out>
      <![CDATA[Method]]>
    </system-out>
  </testcase> <!-- Method1 -->
  <testcase classname="testNGAnnotation_flags.Flag3" name="Method1" time="0.001">
    <system-out>
      <![CDATA[Method]]>
    </system-out>
  </testcase> <!-- Method1 -->
  <testcase classname="testNGAnnotation_flags.Flag3" name="Method1" time="0.000">
    <system-out>
      <![CDATA[Method]]>
    </system-out>
  </testcase> <!-- Method1 -->
  <testcase classname="testNGAnnotation_flags.Flag3" name="Method1" time="0.001">
    <system-out>
      <![CDATA[Method]]>
    </system-out>
  </testcase> <!-- Method1 -->
  <testcase classname="testNGAnnotation_flags.Flag3" name="Method1" time="0.001">
    <system-out>
      <![CDATA[Method]]>
    </system-out>
  </testcase> <!-- Method1 -->
  <testcase classname="testNGAnnotation_flags.Flag3" name="Method1" time="0.001">
    <system-out>
      <![CDATA[Method]]>
    </system-out>
  </testcase> <!-- Method1 -->
  <testcase classname="testNGAnnotation_flags.Flag3" name="Method1" time="0.001">
    <system-out>
      <![CDATA[Method]]>
    </system-out>
  </testcase> <!-- Method1 -->
  <testcase classname="testNGAnnotation_flags.Flag3" name="Method1" time="0.000">
    <system-out>
      <![CDATA[Method]]>
    </system-out>
  </testcase> <!-- Method1 -->
  <testcase classname="testNGAnnotation_flags.Flag3" name="Method1" time="0.000">
    <system-out>
      <![CDATA[Method]]>
    </system-out>
  </testcase> <!-- Method1 -->
  <testcase classname="testNGAnnotation_flags.Flag3" name="Method1" time="0.000">
    <system-out>
      <![CDATA[Method]]>
    </system-out>
  </testcase> <!-- Method1 -->
  <testcase classname="testNGAnnotation_flags.Flag3" name="Method1" time="0.001">
    <system-out>
      <![CDATA[Method]]>
    </system-out>
  </testcase> <!-- Method1 -->
  <testcase classname="testNGAnnotation_flags.Flag3" name="Method1" time="0.000">
    <system-out>
      <![CDATA[Method]]>
    </system-out>
  </testcase> <!-- Method1 -->
  <testcase classname="testNGAnnotation_flags.Flag3" name="Method1" time="0.002">
    <system-out>
      <![CDATA[Method]]>
    </system-out>
  </testcase> <!-- Method1 -->
  <testcase classname="testNGAnnotation_flags.Flag3" name="Method1" time="0.000">
    <system-out>
      <![CDATA[Method]]>
    </system-out>
  </testcase> <!-- Method1 -->
  <testcase classname="testNGAnnotation_flags.Flag3" name="Method1" time="0.001">
    <system-out>
      <![CDATA[Method]]>
    </system-out>
  </testcase> <!-- Method1 -->
  <testcase classname="testNGAnnotation_flags.Flag3" name="Method1" time="0.001">
    <system-out>
      <![CDATA[Method]]>
    </system-out>
  </testcase> <!-- Method1 -->
  <testcase classname="testNGAnnotation_flags.Flag3" name="Method1" time="0.001">
    <system-out>
      <![CDATA[Method]]>
    </system-out>
  </testcase> <!-- Method1 -->
  <testcase classname="testNGAnnotation_flags.Flag3" name="Method1" time="0.000">
    <system-out>
      <![CDATA[Method]]>
    </system-out>
  </testcase> <!-- Method1 -->
  <testcase classname="testNGAnnotation_flags.Flag3" name="Method1" time="0.000">
    <system-out>
      <![CDATA[Method]]>
    </system-out>
  </testcase> <!-- Method1 -->
  <testcase classname="testNGAnnotation_flags.Flag3" name="Method1" time="0.001">
    <system-out>
      <![CDATA[Method]]>
    </system-out>
  </testcase> <!-- Method1 -->
  <testcase classname="testNGAnnotation_flags.Flag3" name="Method1" time="0.001">
    <system-out>
      <![CDATA[Method]]>
    </system-out>
  </testcase> <!-- Method1 -->
  <testcase classname="testNGAnnotation_flags.Flag3" name="Method1" time="0.000">
    <system-out>
      <![CDATA[Method]]>
    </system-out>
  </testcase> <!-- Method1 -->
  <testcase classname="testNGAnnotation_flags.Flag3" name="Method1" time="0.001">
    <system-out>
      <![CDATA[Method]]>
    </system-out>
  </testcase> <!-- Method1 -->
  <testcase classname="testNGAnnotation_flags.Flag3" name="Method1" time="0.000">
    <system-out>
      <![CDATA[Method]]>
    </system-out>
  </testcase> <!-- Method1 -->
  <testcase classname="testNGAnnotation_flags.Flag3" name="Method1" time="0.000">
    <system-out>
      <![CDATA[Method]]>
    </system-out>
  </testcase> <!-- Method1 -->
  <testcase classname="testNGAnnotation_flags.Flag3" name="Method1" time="0.002">
    <system-out>
      <![CDATA[Method]]>
    </system-out>
  </testcase> <!-- Method1 -->
  <testcase classname="testNGAnnotation_flags.Flag3" name="Method1" time="0.000">
    <system-out>
      <![CDATA[Method]]>
    </system-out>
  </testcase> <!-- Method1 -->
  <testcase classname="testNGAnnotation_flags.Flag3" name="Method1" time="0.000">
    <system-out>
      <![CDATA[Method]]>
    </system-out>
  </testcase> <!-- Method1 -->
  <testcase classname="testNGAnnotation_flags.Flag3" name="Method1" time="0.001">
    <system-out>
      <![CDATA[Method]]>
    </system-out>
  </testcase> <!-- Method1 -->
  <testcase classname="testNGAnnotation_flags.Flag3" name="Method1" time="0.000">
    <system-out>
      <![CDATA[Method]]>
    </system-out>
  </testcase> <!-- Method1 -->
  <testcase classname="testNGAnnotation_flags.Flag3" name="Method1" time="0.000">
    <system-out>
      <![CDATA[Method]]>
    </system-out>
  </testcase> <!-- Method1 -->
  <testcase classname="testNGAnnotation_flags.Flag3" name="Method1" time="0.001">
    <system-out>
      <![CDATA[Method]]>
    </system-out>
  </testcase> <!-- Method1 -->
  <testcase classname="testNGAnnotation_flags.Flag3" name="Method1" time="0.001">
    <system-out>
      <![CDATA[Method]]>
    </system-out>
  </testcase> <!-- Method1 -->
  <system-out>
    <![CDATA[Method
Method
Method
Method
Method
Method
Method
Method
Method
Method
Method
Method
Method
Method
Method
Method
Method
Method
Method
Method
Method
Method
Method
Method
Method
Method
Method
Method
Method
Method
Method
Method
Method
Method
Method
Method
Method
Method
Method
Method
Method
Method
Method
Method
Method
Method
Method
Method
Method
Method
Method
Method
Method
Method
Method
Method
Method
Method
Method
Method
Method
Method
Method
Method
Method
Method
Method
Method
Method
Method
Method
Method
Method
Method
Method
Method
Method
Method
Method
Method
Method
Method
Method
Method
Method
Method
Method
Method
Method
Method
Method
Method
Method
Method
Method
Method
Method
Method
Method
Method
Method
Method
Method
Method
Method
Method
Method
Method
Method
Method
Method
Method
Method
Method
Method
Method
Method
Method
Method
Method
Method
Method
Method
Method
Method
Method
Method
Method
Method
Method
Method
Method
Method
Method
Method
Method
Method
Method
Method
Method
Method
Method
Method
Method
Method
Method
Method
Method
Method
Method
Method
Method
Method
Method
Method
Method
Method
Method
Method
Method
Method
Method
Method
Method
Method
Method
Method
Method
Method
Method
Method
Method
Method
Method
Method
Method
Method
Method
Method
Method
Method
Method
Method
Method
Method
Method
Method
Method
Method
Method
Method
Method
Method
Method
Method
Method
Method
Method
Method
Method
Method
Method
Method
Method
Method
Method
Method
Method
Method
Method
Method
Method
Method
Method
Method
Method
Method
Method
Method
Method
Method
Method
Method
Method
Method
Method
Method
Method
Method
Method
Method
Method
Method
Method
Method
Method
Method
Method
Method
Method
Method
Method
Method
Method
Method
Method
Method
Method
Method
Method
Method
Method
Method
Method
Method
Method
Method
Method
Method
Method
Method
Method
Method
Method
Method
Method
Method
Method
Method
Method
Method
Method
Method
Method
Method
Method
Method
Method
Method
Method
Method
Method
Method
Method
Method
Method
Method
Method
Method
Method
Method
Method
Method
Method
Method
Method
Method
Method
Method
Method
Method
Method
Method
Method
Method
Method
Method
Method
Method
Method
Method
Method
Method
Method
Method
Method
Method
Method
Method
Method
Method
Method
Method
Method
Method
Method
Method
Method
Method
Method
Method
Method
Method
Method
Method
Method
Method
Method
Method
Method
Method
Method
Method
Method
Method
Method
Method
Method
Method
Method
Method
Method
Method
Method
Method
Method
Method
Method
Method
Method
Method
Method
Method
Method
Method
Method
Method
Method
Method
Method
Method
Method
Method
Method
Method
Method
Method
Method
Method
Method
Method
Method
Method
Method
Method
Method
Method
Method
Method
Method
Method
Method
Method
Method
Method
Method
Method
Method
Method
Method
Method
Method
Method
Method
Method
Method
Method
Method
Method
Method
Method
Method
Method
Method
Method
Method
Method
Method
Method
Method
Method
Method
Method
Method
Method
Method
Method
Method
Method
Method
Method
Method
Method
Method
Method
Method
Method
Method
Method
Method
Method
Method
Method
Method
Method
Method
Method
Method
Method
Method
Method
Method
Method
Method
Method
Method
Method
Method
Method
Method
Method
Method
Method
Method
Method
Method
Method
Method
Method
Method
Method
Method
Method
Method
Method
Method
Method
Method
Method
Method
Method
Method
Method
Method
Method
Method
Method
Method
Method
Method
Method
Method
Method
Method
Method
Method
Method
Method
Method
Method]]>
  </system-out>
</testsuite> <!-- testNGAnnotation_flags.Flag3 -->
