<?xml version="1.0" encoding="UTF-8"?>
<!-- Generated by org.testng.reporters.JUnitReportReporter -->
<testsuite hostname="LAPTOP-5BSDQGDQ" failures="0" tests="3" name="testNGAnnotation_flags.GoogleSearchTestCase" time="14.926" errors="0" timestamp="2023-07-20T14:50:02 IST" skipped="0">
  <testcase classname="testNGAnnotation_flags.GoogleSearchTestCase" name="Search2" time="5.902"/>
  <testcase classname="testNGAnnotation_flags.GoogleSearchTestCase" name="Search3" time="4.910"/>
  <testcase classname="testNGAnnotation_flags.GoogleSearchTestCase" name="Search1" time="4.114"/>
</testsuite> <!-- testNGAnnotation_flags.GoogleSearchTestCase -->
