<?xml version="1.0" encoding="UTF-8"?>
<!-- Generated by org.testng.reporters.JUnitReportReporter -->
<testsuite hostname="LAPTOP-5BSDQGDQ" failures="0" tests="2" name="testNGAnnotation_flags.Flag1" time="0.014" errors="0" timestamp="2023-07-20T15:18:32 IST" skipped="0">
  <testcase classname="testNGAnnotation_flags.Flag1" name="Method1" time="0.010">
    <system-out>
      <![CDATA[method from flag1]]>
    </system-out>
  </testcase> <!-- Method1 -->
  <testcase classname="testNGAnnotation_flags.Flag1" name="Method2" time="0.004">
    <system-out>
      <![CDATA[method from flag1]]>
    </system-out>
  </testcase> <!-- Method2 -->
  <system-out>
    <![CDATA[method from flag1
method from flag1]]>
  </system-out>
</testsuite> <!-- testNGAnnotation_flags.Flag1 -->
