<?xml version="1.0" encoding="UTF-8"?>
<!-- Generated by org.testng.reporters.JUnitReportReporter -->
<testsuite hostname="LAPTOP-5BSDQGDQ" failures="0" tests="1" name="testNG.Demo" time="5.828" errors="0" timestamp="2023-07-17T15:17:11 IST" skipped="0">
  <testcase classname="testNG.Demo" name="Method1" time="5.828">
    <system-out>
      <![CDATA[This is a Demo Class..!!]]>
    </system-out>
  </testcase> <!-- Method1 -->
  <system-out>
    <![CDATA[This is a Sumo Class..!!
This is a Remo Class..!!
This is a Demo Class..!!]]>
  </system-out>
</testsuite> <!-- testNG.Demo -->
