<?xml version="1.0" encoding="UTF-8"?>
<!-- Generated by org.testng.reporters.JUnitReportReporter -->
<testsuite hostname="LAPTOP-5BSDQGDQ" failures="0" tests="18" name="testNGAnnotation_flags.Flag6" time="0.070" errors="0" timestamp="2023-07-22T15:33:24 IST" skipped="0">
  <testcase classname="testNGAnnotation_flags.Flag6" name="ft2" time="0.008">
    <system-out>
      <![CDATA[FTC2]]>
    </system-out>
  </testcase> <!-- ft2 -->
  <testcase classname="testNGAnnotation_flags.Flag6" name="St4" time="0.001">
    <system-out>
      <![CDATA[STC4]]>
    </system-out>
  </testcase> <!-- St4 -->
  <testcase classname="testNGAnnotation_flags.Flag6" name="St6" time="0.001">
    <system-out>
      <![CDATA[STC6]]>
    </system-out>
  </testcase> <!-- St6 -->
  <testcase classname="testNGAnnotation_flags.Flag6" name="It1" time="0.008">
    <system-out>
      <![CDATA[ITC1]]>
    </system-out>
  </testcase> <!-- It1 -->
  <testcase classname="testNGAnnotation_flags.Flag6" name="It3" time="0.003">
    <system-out>
      <![CDATA[ITC3]]>
    </system-out>
  </testcase> <!-- It3 -->
  <testcase classname="testNGAnnotation_flags.Flag6" name="It6" time="0.002">
    <system-out>
      <![CDATA[ITC6]]>
    </system-out>
  </testcase> <!-- It6 -->
  <testcase classname="testNGAnnotation_flags.Flag6" name="It5" time="0.003">
    <system-out>
      <![CDATA[ITC5]]>
    </system-out>
  </testcase> <!-- It5 -->
  <testcase classname="testNGAnnotation_flags.Flag6" name="ft3" time="0.002">
    <system-out>
      <![CDATA[FTC3]]>
    </system-out>
  </testcase> <!-- ft3 -->
  <testcase classname="testNGAnnotation_flags.Flag6" name="St5" time="0.001">
    <system-out>
      <![CDATA[STC5]]>
    </system-out>
  </testcase> <!-- St5 -->
  <testcase classname="testNGAnnotation_flags.Flag6" name="ft5" time="0.003">
    <system-out>
      <![CDATA[FTC5]]>
    </system-out>
  </testcase> <!-- ft5 -->
  <testcase classname="testNGAnnotation_flags.Flag6" name="ft1" time="0.027">
    <system-out>
      <![CDATA[FTC1]]>
    </system-out>
  </testcase> <!-- ft1 -->
  <testcase classname="testNGAnnotation_flags.Flag6" name="St2" time="0.001">
    <system-out>
      <![CDATA[STC2]]>
    </system-out>
  </testcase> <!-- St2 -->
  <testcase classname="testNGAnnotation_flags.Flag6" name="St1" time="0.001">
    <system-out>
      <![CDATA[STC1]]>
    </system-out>
  </testcase> <!-- St1 -->
  <testcase classname="testNGAnnotation_flags.Flag6" name="St3" time="0.001">
    <system-out>
      <![CDATA[STC3]]>
    </system-out>
  </testcase> <!-- St3 -->
  <testcase classname="testNGAnnotation_flags.Flag6" name="ft4" time="0.002">
    <system-out>
      <![CDATA[FTC4]]>
    </system-out>
  </testcase> <!-- ft4 -->
  <testcase classname="testNGAnnotation_flags.Flag6" name="It2" time="0.002">
    <system-out>
      <![CDATA[ITC2]]>
    </system-out>
  </testcase> <!-- It2 -->
  <testcase classname="testNGAnnotation_flags.Flag6" name="ft6" time="0.002">
    <system-out>
      <![CDATA[FTC6]]>
    </system-out>
  </testcase> <!-- ft6 -->
  <testcase classname="testNGAnnotation_flags.Flag6" name="It4" time="0.002">
    <system-out>
      <![CDATA[ITC4]]>
    </system-out>
  </testcase> <!-- It4 -->
  <system-out>
    <![CDATA[ITC1
ITC2
ITC3
ITC4
ITC5
ITC6
STC1
STC2
STC3
STC4
STC5
STC6
FTC1
FTC2
FTC3
FTC4
FTC5
FTC6]]>
  </system-out>
</testsuite> <!-- testNGAnnotation_flags.Flag6 -->
