<?xml version="1.0" encoding="UTF-8"?>
<!-- Generated by org.testng.reporters.JUnitReportReporter -->
<testsuite hostname="LAPTOP-5BSDQGDQ" failures="0" tests="2" name="testNG1.Demo3" time="0.010" errors="0" timestamp="2023-07-17T15:14:16 IST" skipped="0">
  <testcase classname="testNG1.Demo3" name="method5" time="0.008">
    <system-out>
      <![CDATA[This is a Method5]]>
    </system-out>
  </testcase> <!-- method5 -->
  <testcase classname="testNG1.Demo3" name="method6" time="0.002">
    <system-out>
      <![CDATA[This is a Method6]]>
    </system-out>
  </testcase> <!-- method6 -->
  <system-out>
    <![CDATA[This is a Method5
This is a Method6
This is a Method1
This is a Method2
This is a Method3]]>
  </system-out>
</testsuite> <!-- testNG1.Demo3 -->
