<?xml version="1.0" encoding="UTF-8"?>
<!-- Generated by org.testng.reporters.JUnitReportReporter -->
<testsuite hostname="LAPTOP-5BSDQGDQ" failures="0" tests="2" name="testNGAnnotation_flags.Flag2" time="0.008" errors="0" timestamp="2023-07-20T15:29:28 IST" skipped="1">
  <testcase classname="testNGAnnotation_flags.Flag2" name="Method1" time="0.008">
    <system-out>
      <![CDATA[Method1 from flag2]]>
    </system-out>
  </testcase> <!-- Method1 -->
  <testcase classname="testNGAnnotation_flags.Flag2" name="Method2">
    <skipped/>
  </testcase> <!-- Method2 -->
  <system-out>
    <![CDATA[Method1 from flag2]]>
  </system-out>
</testsuite> <!-- testNGAnnotation_flags.Flag2 -->
