<?xml version="1.0" encoding="UTF-8"?>
<!-- Generated by org.testng.reporters.JUnitReportReporter -->
<testsuite hostname="LAPTOP-5BSDQGDQ" failures="0" tests="8" name="testNGAnnotation_flags.Flag4" time="0.046" errors="0" timestamp="2023-07-24T11:09:51 IST" skipped="0">
  <testcase classname="testNGAnnotation_flags.Flag4" name="d" time="0.019"/>
  <testcase classname="testNGAnnotation_flags.Flag4" name="e" time="0.003"/>
  <testcase classname="testNGAnnotation_flags.Flag4" name="i" time="0.002"/>
  <testcase classname="testNGAnnotation_flags.Flag4" name="f" time="0.003"/>
  <testcase classname="testNGAnnotation_flags.Flag4" name="p" time="0.005"/>
  <testcase classname="testNGAnnotation_flags.Flag4" name="k" time="0.009"/>
  <testcase classname="testNGAnnotation_flags.Flag4" name="m" time="0.003"/>
  <testcase classname="testNGAnnotation_flags.Flag4" name="z" time="0.002"/>
</testsuite> <!-- testNGAnnotation_flags.Flag4 -->
