<?xml version="1.0" encoding="UTF-8"?>
<!-- Generated by org.testng.reporters.JUnitReportReporter -->
<testsuite hostname="LAPTOP-5BSDQGDQ" failures="0" tests="2" name="testNG1.Demo1" time="0.002" errors="0" timestamp="2023-07-17T15:14:16 IST" skipped="0">
  <testcase classname="testNG1.Demo1" name="method2" time="0.001">
    <system-out>
      <![CDATA[This is a Method2]]>
    </system-out>
  </testcase> <!-- method2 -->
  <testcase classname="testNG1.Demo1" name="method1" time="0.001">
    <system-out>
      <![CDATA[This is a Method1]]>
    </system-out>
  </testcase> <!-- method1 -->
  <system-out>
    <![CDATA[This is a Method5
This is a Method6
This is a Method1
This is a Method2
This is a Method3]]>
  </system-out>
</testsuite> <!-- testNG1.Demo1 -->
