<?xml version="1.0" encoding="UTF-8"?>
<!-- Generated by org.testng.reporters.JUnitReportReporter -->
<testsuite hostname="LAPTOP-5BSDQGDQ" failures="0" tests="2" name="testNGExecution.TestMethod1" time="0.027" errors="0" timestamp="2023-07-18T15:24:39 IST" skipped="0">
  <testcase classname="testNGExecution.TestMethod1" name="testMethod2" time="0.017">
    <system-out>
      <![CDATA[Thread ID of testMethod2 is :19]]>
    </system-out>
  </testcase> <!-- testMethod2 -->
  <testcase classname="testNGExecution.TestMethod1" name="testMethod1" time="0.010">
    <system-out>
      <![CDATA[Thread ID of testMethod1 is :18]]>
    </system-out>
  </testcase> <!-- testMethod1 -->
  <system-out>
    <![CDATA[Thread ID of testMethod6 is :21
Thread ID of testMethod1 is :18
Thread ID of testMethod5 is :20
Thread ID of testMethod3 is :22
Thread ID of testMethod2 is :19
Thread ID of testMethod4 is :20]]>
  </system-out>
</testsuite> <!-- testNGExecution.TestMethod1 -->
