<?xml version="1.0" encoding="UTF-8"?>
<!-- Generated by org.testng.reporters.JUnitReportReporter -->
<testsuite hostname="LAPTOP-5BSDQGDQ" failures="0" tests="2" name="testNGAnnotation_flags.AnnotationsClass" time="0.008" errors="0" timestamp="2023-07-31T09:45:10 IST" skipped="0">
  <testcase classname="testNGAnnotation_flags.AnnotationsClass" name="method1" time="0.007">
    <system-out>
      <![CDATA[TestAnnotation]]>
    </system-out>
  </testcase> <!-- method1 -->
  <testcase classname="testNGAnnotation_flags.AnnotationsClass" name="method10" time="0.001">
    <system-out>
      <![CDATA[TestAnnotation2]]>
    </system-out>
  </testcase> <!-- method10 -->
  <system-out>
    <![CDATA[BeforeSuiteAnnotation
BeforeTestAnnotation
BeforeClassAnnotation
BeforeMethodAnnotation
TestAnnotation
AfterMethodAnnotation
BeforeMethodAnnotation
TestAnnotation2
AfterMethodAnnotation
AfterClassAnnotation
AfterTestAnnotation
AfterSuiteAnnotation]]>
  </system-out>
</testsuite> <!-- testNGAnnotation_flags.AnnotationsClass -->
