<?xml version="1.0" encoding="UTF-8"?>
<!-- Generated by org.testng.reporters.JUnitReportReporter -->
<testsuite hostname="LAPTOP-5BSDQGDQ" failures="0" tests="1" name="testNG1.Demo2" time="0.009" errors="0" timestamp="2023-07-17T15:16:07 IST" skipped="0">
  <testcase classname="testNG1.Demo2" name="method4" time="0.009">
    <system-out>
      <![CDATA[This is a Method4]]>
    </system-out>
  </testcase> <!-- method4 -->
  <system-out>
    <![CDATA[This is a Method4]]>
  </system-out>
</testsuite> <!-- testNG1.Demo2 -->
