<?xml version="1.0" encoding="UTF-8"?>
<!-- Generated by org.testng.reporters.JUnitReportReporter -->
<testsuite hostname="LAPTOP-5BSDQGDQ" failures="0" tests="3" name="testNGAnnotation_flags.TestAnnotations" time="0.014" errors="0" timestamp="2023-07-20T15:14:29 IST" skipped="0">
  <testcase classname="testNGAnnotation_flags.TestAnnotations" name="g" time="0.003">
    <system-out>
      <![CDATA[test case 2!!]]>
    </system-out>
  </testcase> <!-- g -->
  <testcase classname="testNGAnnotation_flags.TestAnnotations" name="h" time="0.004">
    <system-out>
      <![CDATA[test case 3!!]]>
    </system-out>
  </testcase> <!-- h -->
  <testcase classname="testNGAnnotation_flags.TestAnnotations" name="f" time="0.007">
    <system-out>
      <![CDATA[test case1]]>
    </system-out>
  </testcase> <!-- f -->
  <system-out>
    <![CDATA[BEFOREsUITE
beforeTest
beforeClass
beforeMethod
test case1
afterMethod
beforeMethod
test case 2!!
afterMethod
beforeMethod
test case 3!!
afterMethod
afterClass
afterTest
afterSuite]]>
  </system-out>
</testsuite> <!-- testNGAnnotation_flags.TestAnnotations -->
