<?xml version="1.0" encoding="UTF-8"?>
<!-- Generated by org.testng.reporters.JUnitReportReporter -->
<testsuite hostname="LAPTOP-5BSDQGDQ" failures="0" tests="3" name="testNGAnnotation_flags.Flag5" time="0.022" errors="0" timestamp="2023-07-22T15:10:21 IST" skipped="0">
  <testcase classname="testNGAnnotation_flags.Flag5" name="LoginMethod" time="0.015"/>
  <testcase classname="testNGAnnotation_flags.Flag5" name="LogoutMethod" time="0.004"/>
  <testcase classname="testNGAnnotation_flags.Flag5" name="CreateUserMethod" time="0.003"/>
</testsuite> <!-- testNGAnnotation_flags.Flag5 -->
