<?xml version="1.0" encoding="UTF-8"?>
<!-- Generated by org.testng.reporters.JUnitReportReporter -->
<testsuite hostname="LAPTOP-5BSDQGDQ" failures="0" tests="1" name="testNG.Sumo" time="6.913" errors="0" timestamp="2023-07-17T15:17:11 IST" skipped="0">
  <testcase classname="testNG.Sumo" name="Method3" time="6.913">
    <system-out>
      <![CDATA[This is a Sumo Class..!!]]>
    </system-out>
  </testcase> <!-- Method3 -->
  <system-out>
    <![CDATA[This is a Sumo Class..!!
This is a Remo Class..!!
This is a Demo Class..!!]]>
  </system-out>
</testsuite> <!-- testNG.Sumo -->
